116.06.21 22:19 B E:\WebServer\carne\includes\mpdf54\ttfontdata\dejavusanscondensed.cw.dat --> www.mcj.com.br /public/carne/includes/mpdf54/ttfontdata dejavusanscondensed.cw.dat
116.06.21 22:19 B E:\WebServer\carne\includes\mpdf54\ttfontdata\dejavusanscondensed.mtx.php --> www.mcj.com.br /public/carne/includes/mpdf54/ttfontdata dejavusanscondensed.mtx.php
116.06.21 22:19 B E:\WebServer\carne\includes\mpdf54\ttfontdata\dejavusanscondensedB.cw.dat --> www.mcj.com.br /public/carne/includes/mpdf54/ttfontdata dejavusanscondensedB.cw.dat
116.06.21 22:19 B E:\WebServer\carne\includes\mpdf54\ttfontdata\dejavusanscondensedB.cw127.php --> www.mcj.com.br /public/carne/includes/mpdf54/ttfontdata dejavusanscondensedB.cw127.php
116.06.21 22:19 B E:\WebServer\carne\includes\mpdf54\ttfontdata\dejavusanscondensedB.mtx.php --> www.mcj.com.br /public/carne/includes/mpdf54/ttfontdata dejavusanscondensedB.mtx.php
116.06.21 22:19 B E:\WebServer\carne\includes\mpdf54\ttfontdata\dejavusanscondensedBI.cw.dat --> www.mcj.com.br /public/carne/includes/mpdf54/ttfontdata dejavusanscondensedBI.cw.dat
116.06.21 22:19 B E:\WebServer\carne\includes\mpdf54\ttfontdata\dejavusanscondensedBI.mtx.php --> www.mcj.com.br /public/carne/includes/mpdf54/ttfontdata dejavusanscondensedBI.mtx.php
116.06.21 22:19 B E:\WebServer\carne\includes\mpdf54\ttfontdata\dejavusanscondensedI.cw.dat --> www.mcj.com.br /public/carne/includes/mpdf54/ttfontdata dejavusanscondensedI.cw.dat
116.06.21 22:19 B E:\WebServer\carne\includes\mpdf54\ttfontdata\dejavusanscondensedI.mtx.php --> www.mcj.com.br /public/carne/includes/mpdf54/ttfontdata dejavusanscondensedI.mtx.php
116.06.21 22:19 B E:\WebServer\carne\includes\mpdf54\ttfontdata\dejavusansmono.cw.dat --> www.mcj.com.br /public/carne/includes/mpdf54/ttfontdata dejavusansmono.cw.dat
116.06.21 22:19 B E:\WebServer\carne\includes\mpdf54\ttfontdata\dejavusansmono.cw127.php --> www.mcj.com.br /public/carne/includes/mpdf54/ttfontdata dejavusansmono.cw127.php
116.06.21 22:19 B E:\WebServer\carne\includes\mpdf54\ttfontdata\dejavusansmono.mtx.php --> www.mcj.com.br /public/carne/includes/mpdf54/ttfontdata dejavusansmono.mtx.php
116.06.21 22:19 B E:\WebServer\carne\includes\mpdf54\ttfontdata\dejavusansmonoB.cw.dat --> www.mcj.com.br /public/carne/includes/mpdf54/ttfontdata dejavusansmonoB.cw.dat
116.06.21 22:19 B E:\WebServer\carne\includes\mpdf54\ttfontdata\dejavusansmonoB.mtx.php --> www.mcj.com.br /public/carne/includes/mpdf54/ttfontdata dejavusansmonoB.mtx.php
116.06.21 22:19 B E:\WebServer\carne\includes\mpdf54\ttfontdata\dejavusansmonoBI.cw.dat --> www.mcj.com.br /public/carne/includes/mpdf54/ttfontdata dejavusansmonoBI.cw.dat
116.06.21 22:19 B E:\WebServer\carne\includes\mpdf54\ttfontdata\dejavusansmonoBI.mtx.php --> www.mcj.com.br /public/carne/includes/mpdf54/ttfontdata dejavusansmonoBI.mtx.php
116.06.21 22:19 B E:\WebServer\carne\includes\mpdf54\ttfontdata\dejavusansmonoI.cw.dat --> www.mcj.com.br /public/carne/includes/mpdf54/ttfontdata dejavusansmonoI.cw.dat
116.06.21 22:19 B E:\WebServer\carne\includes\mpdf54\ttfontdata\dejavusansmonoI.mtx.php --> www.mcj.com.br /public/carne/includes/mpdf54/ttfontdata dejavusansmonoI.mtx.php
116.06.21 22:20 B E:\WebServer\carne\includes\mpdf54\ttfontdata\dejavuserifcondensed.cw.dat --> www.mcj.com.br /public/carne/includes/mpdf54/ttfontdata dejavuserifcondensed.cw.dat
116.06.21 22:20 B E:\WebServer\carne\includes\mpdf54\ttfontdata\dejavuserifcondensed.cw127.php --> www.mcj.com.br /public/carne/includes/mpdf54/ttfontdata dejavuserifcondensed.cw127.php
116.06.21 22:20 B E:\WebServer\carne\includes\mpdf54\ttfontdata\dejavuserifcondensed.mtx.php --> www.mcj.com.br /public/carne/includes/mpdf54/ttfontdata dejavuserifcondensed.mtx.php
116.06.21 22:20 B E:\WebServer\carne\includes\mpdf54\ttfontdata\dejavuserifcondensedB.cw.dat --> www.mcj.com.br /public/carne/includes/mpdf54/ttfontdata dejavuserifcondensedB.cw.dat
116.06.21 22:20 B E:\WebServer\carne\includes\mpdf54\ttfontdata\dejavuserifcondensedB.cw127.php --> www.mcj.com.br /public/carne/includes/mpdf54/ttfontdata dejavuserifcondensedB.cw127.php
116.06.21 22:20 B E:\WebServer\carne\includes\mpdf54\ttfontdata\dejavuserifcondensedB.mtx.php --> www.mcj.com.br /public/carne/includes/mpdf54/ttfontdata dejavuserifcondensedB.mtx.php
116.06.21 22:20 B E:\WebServer\carne\includes\mpdf54\ttfontdata\dejavuserifcondensedBI.cw.dat --> www.mcj.com.br /public/carne/includes/mpdf54/ttfontdata dejavuserifcondensedBI.cw.dat
116.06.21 22:20 B E:\WebServer\carne\includes\mpdf54\ttfontdata\dejavuserifcondensedBI.cw127.php --> www.mcj.com.br /public/carne/includes/mpdf54/ttfontdata dejavuserifcondensedBI.cw127.php
116.06.21 22:20 B E:\WebServer\carne\includes\mpdf54\ttfontdata\dejavuserifcondensedBI.mtx.php --> www.mcj.com.br /public/carne/includes/mpdf54/ttfontdata dejavuserifcondensedBI.mtx.php
116.06.21 22:20 B E:\WebServer\carne\includes\mpdf54\ttfontdata\dejavuserifcondensedI.cw.dat --> www.mcj.com.br /public/carne/includes/mpdf54/ttfontdata dejavuserifcondensedI.cw.dat
116.06.21 22:20 B E:\WebServer\carne\includes\mpdf54\ttfontdata\dejavuserifcondensedI.mtx.php --> www.mcj.com.br /public/carne/includes/mpdf54/ttfontdata dejavuserifcondensedI.mtx.php
116.06.21 22:20 B E:\WebServer\carne\includes\mpdf54\ttfontdata\dummy.txt --> www.mcj.com.br /public/carne/includes/mpdf54/ttfontdata dummy.txt
116.06.21 22:20 B E:\WebServer\carne\includes\mpdf54\ttfontdata\ocrb.cgm --> www.mcj.com.br /public/carne/includes/mpdf54/ttfontdata ocrb.cgm
116.06.21 22:20 B E:\WebServer\carne\includes\mpdf54\ttfontdata\ocrb.cw --> www.mcj.com.br /public/carne/includes/mpdf54/ttfontdata ocrb.cw
116.06.21 22:20 B E:\WebServer\carne\includes\mpdf54\ttfontdata\ocrb.cw.dat --> www.mcj.com.br /public/carne/includes/mpdf54/ttfontdata ocrb.cw.dat
116.06.21 22:20 B E:\WebServer\carne\includes\mpdf54\ttfontdata\ocrb.mtx.php --> www.mcj.com.br /public/carne/includes/mpdf54/ttfontdata ocrb.mtx.php
116.06.21 22:20 B E:\WebServer\carne\includes\mpdf54\ttfontdata\ocrb.z --> www.mcj.com.br /public/carne/includes/mpdf54/ttfontdata ocrb.z
