116.06.21 09:53 B E:\WebServer\carne\includes\icons\1day.png --> www.mcj.com.br /public/carne/includes/icons 1day.png
116.06.21 09:53 B E:\WebServer\carne\includes\icons\1leftarrow.png --> www.mcj.com.br /public/carne/includes/icons 1leftarrow.png
116.06.21 09:53 B E:\WebServer\carne\includes\icons\1rightarrow.png --> www.mcj.com.br /public/carne/includes/icons 1rightarrow.png
116.06.21 09:53 B E:\WebServer\carne\includes\icons\2leftarrow.png --> www.mcj.com.br /public/carne/includes/icons 2leftarrow.png
116.06.21 09:53 B E:\WebServer\carne\includes\icons\2rightarrow.png --> www.mcj.com.br /public/carne/includes/icons 2rightarrow.png
116.06.21 09:53 B E:\WebServer\carne\includes\icons\agenda.png --> www.mcj.com.br /public/carne/includes/icons agenda.png
116.06.21 09:53 B E:\WebServer\carne\includes\icons\attach.png --> www.mcj.com.br /public/carne/includes/icons attach.png
116.06.21 09:53 B E:\WebServer\carne\includes\icons\attach2-old.png --> www.mcj.com.br /public/carne/includes/icons attach2-old.png
116.06.21 09:53 B E:\WebServer\carne\includes\icons\attach2.png --> www.mcj.com.br /public/carne/includes/icons attach2.png
116.06.21 09:53 B E:\WebServer\carne\includes\icons\b_empty.png --> www.mcj.com.br /public/carne/includes/icons b_empty.png
116.06.21 09:53 B E:\WebServer\carne\includes\icons\back.png --> www.mcj.com.br /public/carne/includes/icons back.png
116.06.21 09:53 B E:\WebServer\carne\includes\icons\brasil-flag-icon.png --> www.mcj.com.br /public/carne/includes/icons brasil-flag-icon.png
116.06.21 09:53 B E:\WebServer\carne\includes\icons\cal.png --> www.mcj.com.br /public/carne/includes/icons cal.png
116.06.21 09:53 B E:\WebServer\carne\includes\icons\calendario.png --> www.mcj.com.br /public/carne/includes/icons calendario.png
116.06.21 09:53 B E:\WebServer\carne\includes\icons\cancel.png --> www.mcj.com.br /public/carne/includes/icons cancel.png
116.06.21 09:53 B E:\WebServer\carne\includes\icons\cdrom.png --> www.mcj.com.br /public/carne/includes/icons cdrom.png
116.06.21 09:53 B E:\WebServer\carne\includes\icons\close.png --> www.mcj.com.br /public/carne/includes/icons close.png
116.06.21 09:53 B E:\WebServer\carne\includes\icons\colors.png --> www.mcj.com.br /public/carne/includes/icons colors.png
116.06.21 09:53 B E:\WebServer\carne\includes\icons\comparativo.png --> www.mcj.com.br /public/carne/includes/icons comparativo.png
116.06.21 09:53 B E:\WebServer\carne\includes\icons\comprar.png --> www.mcj.com.br /public/carne/includes/icons comprar.png
116.06.21 09:53 B E:\WebServer\carne\includes\icons\computador.png --> www.mcj.com.br /public/carne/includes/icons computador.png
116.06.21 09:53 B E:\WebServer\carne\includes\icons\consulta.png --> www.mcj.com.br /public/carne/includes/icons consulta.png
116.06.21 09:53 B E:\WebServer\carne\includes\icons\contents.png --> www.mcj.com.br /public/carne/includes/icons contents.png
116.06.21 09:53 B E:\WebServer\carne\includes\icons\contexthelp.png --> www.mcj.com.br /public/carne/includes/icons contexthelp.png
116.06.21 09:53 B E:\WebServer\carne\includes\icons\desktop.png --> www.mcj.com.br /public/carne/includes/icons desktop.png
116.06.21 09:53 B E:\WebServer\carne\includes\icons\drop.png --> www.mcj.com.br /public/carne/includes/icons drop.png
116.06.21 09:53 B E:\WebServer\carne\includes\icons\edit.png --> www.mcj.com.br /public/carne/includes/icons edit.png
116.06.21 09:53 B E:\WebServer\carne\includes\icons\editcopy.png --> www.mcj.com.br /public/carne/includes/icons editcopy.png
116.06.21 09:53 B E:\WebServer\carne\includes\icons\emprestimos.png --> www.mcj.com.br /public/carne/includes/icons emprestimos.png
116.06.21 09:53 B E:\WebServer\carne\includes\icons\exec.png --> www.mcj.com.br /public/carne/includes/icons exec.png
116.06.21 09:53 B E:\WebServer\carne\includes\icons\favicon.ico --> www.mcj.com.br /public/carne/includes/icons favicon.ico
116.06.21 09:53 B E:\WebServer\carne\includes\icons\feriado.png --> www.mcj.com.br /public/carne/includes/icons feriado.png
116.06.21 09:53 B E:\WebServer\carne\includes\icons\fone.png --> www.mcj.com.br /public/carne/includes/icons fone.png
116.06.21 09:53 B E:\WebServer\carne\includes\icons\gohome.png --> www.mcj.com.br /public/carne/includes/icons gohome.png
116.06.21 09:53 B E:\WebServer\carne\includes\icons\groupevent.png --> www.mcj.com.br /public/carne/includes/icons groupevent.png
116.06.21 09:53 B E:\WebServer\carne\includes\icons\Hardware.png --> www.mcj.com.br /public/carne/includes/icons Hardware.png
116.06.21 09:53 B E:\WebServer\carne\includes\icons\hdd.png --> www.mcj.com.br /public/carne/includes/icons hdd.png
116.06.21 09:53 B E:\WebServer\carne\includes\icons\help-16.png --> www.mcj.com.br /public/carne/includes/icons help-16.png
116.06.21 09:53 B E:\WebServer\carne\includes\icons\help-16.png-old --> www.mcj.com.br /public/carne/includes/icons help-16.png-old
116.06.21 09:53 B E:\WebServer\carne\includes\icons\help.png --> www.mcj.com.br /public/carne/includes/icons help.png
116.06.21 09:53 B E:\WebServer\carne\includes\icons\hwinfo.png --> www.mcj.com.br /public/carne/includes/icons hwinfo.png
116.06.21 09:54 B E:\WebServer\carne\includes\icons\images.png --> www.mcj.com.br /public/carne/includes/icons images.png
116.06.21 09:54 B E:\WebServer\carne\includes\icons\images2.png --> www.mcj.com.br /public/carne/includes/icons images2.png
116.06.21 09:54 B E:\WebServer\carne\includes\icons\info.png --> www.mcj.com.br /public/carne/includes/icons info.png
116.06.21 09:54 B E:\WebServer\carne\includes\icons\julgamento.png --> www.mcj.com.br /public/carne/includes/icons julgamento.png
116.06.21 09:54 B E:\WebServer\carne\includes\icons\kalarm.png --> www.mcj.com.br /public/carne/includes/icons kalarm.png
116.06.21 09:54 B E:\WebServer\carne\includes\icons\kcmpci.png --> www.mcj.com.br /public/carne/includes/icons kcmpci.png
116.06.21 09:54 B E:\WebServer\carne\includes\icons\kcmsystem.png --> www.mcj.com.br /public/carne/includes/icons kcmsystem.png
116.06.21 09:54 B E:\WebServer\carne\includes\icons\kcontrol.png --> www.mcj.com.br /public/carne/includes/icons kcontrol.png
116.06.21 09:54 B E:\WebServer\carne\includes\icons\kdict.png --> www.mcj.com.br /public/carne/includes/icons kdict.png
116.06.21 09:54 B E:\WebServer\carne\includes\icons\kdmconfig.png --> www.mcj.com.br /public/carne/includes/icons kdmconfig.png
116.06.21 09:54 B E:\WebServer\carne\includes\icons\key_enter.png --> www.mcj.com.br /public/carne/includes/icons key_enter.png
116.06.21 09:54 B E:\WebServer\carne\includes\icons\kfind.png --> www.mcj.com.br /public/carne/includes/icons kfind.png
116.06.21 09:54 B E:\WebServer\carne\includes\icons\kghostview.png --> www.mcj.com.br /public/carne/includes/icons kghostview.png
116.06.21 09:54 B E:\WebServer\carne\includes\icons\kmenu-hack.png --> www.mcj.com.br /public/carne/includes/icons kmenu-hack.png
116.06.21 09:54 B E:\WebServer\carne\includes\icons\kthememgr.png --> www.mcj.com.br /public/carne/includes/icons kthememgr.png
116.06.21 09:54 B E:\WebServer\carne\includes\icons\kuser.png --> www.mcj.com.br /public/carne/includes/icons kuser.png
116.06.21 09:54 B E:\WebServer\carne\includes\icons\lupa.png --> www.mcj.com.br /public/carne/includes/icons lupa.png
116.06.21 09:54 B E:\WebServer\carne\includes\icons\mail_generic.png --> www.mcj.com.br /public/carne/includes/icons mail_generic.png
116.06.21 09:54 B E:\WebServer\carne\includes\icons\memo.png --> www.mcj.com.br /public/carne/includes/icons memo.png
116.06.21 09:54 B E:\WebServer\carne\includes\icons\memo2.png --> www.mcj.com.br /public/carne/includes/icons memo2.png
116.06.21 09:54 B E:\WebServer\carne\includes\icons\memoria.png --> www.mcj.com.br /public/carne/includes/icons memoria.png
116.06.21 09:54 B E:\WebServer\carne\includes\icons\money_add.png --> www.mcj.com.br /public/carne/includes/icons money_add.png
116.06.21 09:54 B E:\WebServer\carne\includes\icons\money_delete.png --> www.mcj.com.br /public/carne/includes/icons money_delete.png
116.06.21 09:54 B E:\WebServer\carne\includes\icons\money_dollar.png --> www.mcj.com.br /public/carne/includes/icons money_dollar.png
116.06.21 09:54 B E:\WebServer\carne\includes\icons\money_dollar_d.png --> www.mcj.com.br /public/carne/includes/icons money_dollar_d.png
116.06.21 09:54 B E:\WebServer\carne\includes\icons\month.png --> www.mcj.com.br /public/carne/includes/icons month.png
116.06.21 09:54 B E:\WebServer\carne\includes\icons\mouse.png --> www.mcj.com.br /public/carne/includes/icons mouse.png
116.06.21 09:54 B E:\WebServer\carne\includes\icons\mural.png --> www.mcj.com.br /public/carne/includes/icons mural.png
116.06.21 09:54 B E:\WebServer\carne\includes\icons\ok.png --> www.mcj.com.br /public/carne/includes/icons ok.png
116.06.21 09:54 B E:\WebServer\carne\includes\icons\open.png --> www.mcj.com.br /public/carne/includes/icons open.png
116.06.21 09:54 B E:\WebServer\carne\includes\icons\opencall.png --> www.mcj.com.br /public/carne/includes/icons opencall.png
116.06.21 09:54 B E:\WebServer\carne\includes\icons\openterm.png --> www.mcj.com.br /public/carne/includes/icons openterm.png
116.06.21 09:54 B E:\WebServer\carne\includes\icons\orcamento.png --> www.mcj.com.br /public/carne/includes/icons orcamento.png
116.06.21 09:54 B E:\WebServer\carne\includes\icons\password.png --> www.mcj.com.br /public/carne/includes/icons password.png
116.06.21 09:54 B E:\WebServer\carne\includes\icons\password2.png --> www.mcj.com.br /public/carne/includes/icons password2.png
116.06.21 09:54 B E:\WebServer\carne\includes\icons\pdf.png --> www.mcj.com.br /public/carne/includes/icons pdf.png
116.06.21 09:54 B E:\WebServer\carne\includes\icons\pedcompra.png --> www.mcj.com.br /public/carne/includes/icons pedcompra.png
116.06.21 09:54 B E:\WebServer\carne\includes\icons\permissao.png --> www.mcj.com.br /public/carne/includes/icons permissao.png
116.06.21 09:54 B E:\WebServer\carne\includes\icons\personal.png --> www.mcj.com.br /public/carne/includes/icons personal.png
116.06.21 09:54 B E:\WebServer\carne\includes\icons\placa.png --> www.mcj.com.br /public/carne/includes/icons placa.png
116.06.21 09:54 B E:\WebServer\carne\includes\icons\proibido.jpg --> www.mcj.com.br /public/carne/includes/icons proibido.jpg
116.06.21 09:54 B E:\WebServer\carne\includes\icons\rebuild.png --> www.mcj.com.br /public/carne/includes/icons rebuild.png
116.06.21 09:54 B E:\WebServer\carne\includes\icons\redled.png --> www.mcj.com.br /public/carne/includes/icons redled.png
116.06.21 09:54 B E:\WebServer\carne\includes\icons\reload3.png --> www.mcj.com.br /public/carne/includes/icons reload3.png
116.06.21 09:54 B E:\WebServer\carne\includes\icons\reload_page.png --> www.mcj.com.br /public/carne/includes/icons reload_page.png
116.06.21 09:54 B E:\WebServer\carne\includes\icons\reports.png --> www.mcj.com.br /public/carne/includes/icons reports.png
116.06.21 09:54 B E:\WebServer\carne\includes\icons\retorno.png --> www.mcj.com.br /public/carne/includes/icons retorno.png
116.06.21 09:54 B E:\WebServer\carne\includes\icons\search.png --> www.mcj.com.br /public/carne/includes/icons search.png
116.06.21 09:54 B E:\WebServer\carne\includes\icons\sla.png --> www.mcj.com.br /public/carne/includes/icons sla.png
116.06.21 09:54 B E:\WebServer\carne\includes\icons\smallclock.png --> www.mcj.com.br /public/carne/includes/icons smallclock.png
116.06.21 09:54 B E:\WebServer\carne\includes\icons\softwares.png --> www.mcj.com.br /public/carne/includes/icons softwares.png
116.06.21 09:54 B E:\WebServer\carne\includes\icons\softwares2.png --> www.mcj.com.br /public/carne/includes/icons softwares2.png
116.06.21 09:54 B E:\WebServer\carne\includes\icons\solucoes.png --> www.mcj.com.br /public/carne/includes/icons solucoes.png
116.06.21 09:54 B E:\WebServer\carne\includes\icons\solucoes2.png --> www.mcj.com.br /public/carne/includes/icons solucoes2.png
116.06.21 09:54 B E:\WebServer\carne\includes\icons\stop.png --> www.mcj.com.br /public/carne/includes/icons stop.png
116.06.21 09:54 B E:\WebServer\carne\includes\icons\sysadmin.png --> www.mcj.com.br /public/carne/includes/icons sysadmin.png
116.06.21 09:54 B E:\WebServer\carne\includes\icons\table-money-icon.png --> www.mcj.com.br /public/carne/includes/icons table-money-icon.png
116.06.21 09:54 B E:\WebServer\carne\includes\icons\tag.png --> www.mcj.com.br /public/carne/includes/icons tag.png
116.06.21 09:54 B E:\WebServer\carne\includes\icons\tag_2.png --> www.mcj.com.br /public/carne/includes/icons tag_2.png
116.06.21 09:54 B E:\WebServer\carne\includes\icons\tecla.png --> www.mcj.com.br /public/carne/includes/icons tecla.png
116.06.21 09:54 B E:\WebServer\carne\includes\icons\Thumbs.db --> www.mcj.com.br /public/carne/includes/icons Thumbs.db
116.06.21 09:54 B E:\WebServer\carne\includes\icons\trashcan.png --> www.mcj.com.br /public/carne/includes/icons trashcan.png
116.06.21 09:54 B E:\WebServer\carne\includes\icons\view_tree.png --> www.mcj.com.br /public/carne/includes/icons view_tree.png
116.06.21 09:54 B E:\WebServer\carne\includes\icons\view_tree_green.png --> www.mcj.com.br /public/carne/includes/icons view_tree_green.png
116.06.21 09:54 B E:\WebServer\carne\includes\icons\view_tree_red.png --> www.mcj.com.br /public/carne/includes/icons view_tree_red.png
116.06.21 09:54 B E:\WebServer\carne\includes\icons\voltar.png --> www.mcj.com.br /public/carne/includes/icons voltar.png
116.06.21 09:54 B E:\WebServer\carne\includes\icons\vssver2.scc --> www.mcj.com.br /public/carne/includes/icons vssver2.scc
116.06.21 09:54 B E:\WebServer\carne\includes\icons\xedit.png --> www.mcj.com.br /public/carne/includes/icons xedit.png
116.06.21 09:54 B E:\WebServer\carne\includes\icons\yast_cdupdate.png --> www.mcj.com.br /public/carne/includes/icons yast_cdupdate.png
116.06.21 09:54 B E:\WebServer\carne\includes\icons\yast_group_add.png --> www.mcj.com.br /public/carne/includes/icons yast_group_add.png
116.06.21 09:54 B E:\WebServer\carne\includes\icons\yast_timezone2.png --> www.mcj.com.br /public/carne/includes/icons yast_timezone2.png
116.06.21 09:54 B E:\WebServer\carne\includes\icons\yellowled.png --> www.mcj.com.br /public/carne/includes/icons yellowled.png
