116.06.21 21:10 B E:\WebServer\carne\includes\menu\phplm320\menuicons\bug-small.png --> www.mcj.com.br /public/carne/includes/menu/phplm320/menuicons bug-small.png
116.06.21 21:10 B E:\WebServer\carne\includes\menu\phplm320\menuicons\debian-icon-mini.png --> www.mcj.com.br /public/carne/includes/menu/phplm320/menuicons debian-icon-mini.png
116.06.21 21:10 B E:\WebServer\carne\includes\menu\phplm320\menuicons\desktop.png --> www.mcj.com.br /public/carne/includes/menu/phplm320/menuicons desktop.png
116.06.21 21:10 B E:\WebServer\carne\includes\menu\phplm320\menuicons\down-arrow-blue.png --> www.mcj.com.br /public/carne/includes/menu/phplm320/menuicons down-arrow-blue.png
116.06.21 21:10 B E:\WebServer\carne\includes\menu\phplm320\menuicons\downloadManager16.png --> www.mcj.com.br /public/carne/includes/menu/phplm320/menuicons downloadManager16.png
116.06.21 21:10 B E:\WebServer\carne\includes\menu\phplm320\menuicons\email.png --> www.mcj.com.br /public/carne/includes/menu/phplm320/menuicons email.png
116.06.21 21:10 B E:\WebServer\carne\includes\menu\phplm320\menuicons\epiphany-16.png --> www.mcj.com.br /public/carne/includes/menu/phplm320/menuicons epiphany-16.png
116.06.21 21:10 B E:\WebServer\carne\includes\menu\phplm320\menuicons\freshmeat.net_favicon.png --> www.mcj.com.br /public/carne/includes/menu/phplm320/menuicons freshmeat.net_favicon.png
116.06.21 21:10 B E:\WebServer\carne\includes\menu\phplm320\menuicons\gnome-starthere-mini.png --> www.mcj.com.br /public/carne/includes/menu/phplm320/menuicons gnome-starthere-mini.png
116.06.21 21:10 B E:\WebServer\carne\includes\menu\phplm320\menuicons\invmon-favicon.ico --> www.mcj.com.br /public/carne/includes/menu/phplm320/menuicons invmon-favicon.ico
116.06.21 21:10 B E:\WebServer\carne\includes\menu\phplm320\menuicons\kfm_home.png --> www.mcj.com.br /public/carne/includes/menu/phplm320/menuicons kfm_home.png
116.06.21 21:10 B E:\WebServer\carne\includes\menu\phplm320\menuicons\misc_doc.png --> www.mcj.com.br /public/carne/includes/menu/phplm320/menuicons misc_doc.png
116.06.21 21:10 B E:\WebServer\carne\includes\menu\phplm320\menuicons\mozilla.org_images_mozilla-16.png --> www.mcj.com.br /public/carne/includes/menu/phplm320/menuicons mozilla.org_images_mozilla-16.png
116.06.21 21:10 B E:\WebServer\carne\includes\menu\phplm320\menuicons\netscape-icon-mini.png --> www.mcj.com.br /public/carne/includes/menu/phplm320/menuicons netscape-icon-mini.png
116.06.21 21:10 B E:\WebServer\carne\includes\menu\phplm320\menuicons\office_suites.png --> www.mcj.com.br /public/carne/includes/menu/phplm320/menuicons office_suites.png
116.06.21 21:10 B E:\WebServer\carne\includes\menu\phplm320\menuicons\ooo-icon-mini.png --> www.mcj.com.br /public/carne/includes/menu/phplm320/menuicons ooo-icon-mini.png
116.06.21 21:10 B E:\WebServer\carne\includes\menu\phplm320\menuicons\pan-icon-mini.png --> www.mcj.com.br /public/carne/includes/menu/phplm320/menuicons pan-icon-mini.png
116.06.21 21:10 B E:\WebServer\carne\includes\menu\phplm320\menuicons\php-bugs-icon-mini.png --> www.mcj.com.br /public/carne/includes/menu/phplm320/menuicons php-bugs-icon-mini.png
116.06.21 21:10 B E:\WebServer\carne\includes\menu\phplm320\menuicons\phplib-logo-mini.png --> www.mcj.com.br /public/carne/includes/menu/phplm320/menuicons phplib-logo-mini.png
116.06.21 21:10 B E:\WebServer\carne\includes\menu\phplm320\menuicons\quanta.png --> www.mcj.com.br /public/carne/includes/menu/phplm320/menuicons quanta.png
116.06.21 21:10 B E:\WebServer\carne\includes\menu\phplm320\menuicons\shortcut_icon_phplm.png --> www.mcj.com.br /public/carne/includes/menu/phplm320/menuicons shortcut_icon_phplm.png
116.06.21 21:10 B E:\WebServer\carne\includes\menu\phplm320\menuicons\sitebar_root_transparent.png --> www.mcj.com.br /public/carne/includes/menu/phplm320/menuicons sitebar_root_transparent.png
116.06.21 21:10 B E:\WebServer\carne\includes\menu\phplm320\menuicons\sourceforge.net_images_favicon.png --> www.mcj.com.br /public/carne/includes/menu/phplm320/menuicons sourceforge.net_images_favicon.png
116.06.21 21:10 B E:\WebServer\carne\includes\menu\phplm320\menuicons\tgz.png --> www.mcj.com.br /public/carne/includes/menu/phplm320/menuicons tgz.png
116.06.21 21:10 B E:\WebServer\carne\includes\menu\phplm320\menuicons\Thumbs.db --> www.mcj.com.br /public/carne/includes/menu/phplm320/menuicons Thumbs.db
116.06.21 21:10 B E:\WebServer\carne\includes\menu\phplm320\menuicons\vssver2.scc --> www.mcj.com.br /public/carne/includes/menu/phplm320/menuicons vssver2.scc
116.06.21 21:10 B E:\WebServer\carne\includes\menu\phplm320\menuicons\www.gimp.org_icons_wilber16.png --> www.mcj.com.br /public/carne/includes/menu/phplm320/menuicons www.gimp.org_icons_wilber16.png
116.06.21 21:10 B E:\WebServer\carne\includes\menu\phplm320\menuicons\www.gnome.org_images_gnome-16.png --> www.mcj.com.br /public/carne/includes/menu/phplm320/menuicons www.gnome.org_images_gnome-16.png
116.06.21 21:10 B E:\WebServer\carne\includes\menu\phplm320\menuicons\www.kde.org_favicon.png --> www.mcj.com.br /public/carne/includes/menu/phplm320/menuicons www.kde.org_favicon.png
116.06.21 21:10 B E:\WebServer\carne\includes\menu\phplm320\menuicons\www.kernel.org_images_tux16-16.png --> www.mcj.com.br /public/carne/includes/menu/phplm320/menuicons www.kernel.org_images_tux16-16.png
116.06.21 21:10 B E:\WebServer\carne\includes\menu\phplm320\menuicons\www.mysql.com_favicon.png --> www.mcj.com.br /public/carne/includes/menu/phplm320/menuicons www.mysql.com_favicon.png
116.06.21 21:10 B E:\WebServer\carne\includes\menu\phplm320\menuicons\www.php.net_favicon.png --> www.mcj.com.br /public/carne/includes/menu/phplm320/menuicons www.php.net_favicon.png
116.06.21 21:10 B E:\WebServer\carne\includes\menu\phplm320\menuicons\www.ximian.com_favicon.png --> www.mcj.com.br /public/carne/includes/menu/phplm320/menuicons www.ximian.com_favicon.png
