116.06.21 21:07 B E:\WebServer\carne\includes\menu\phplm320\ACKNOWLEDGEMENTS --> www.mcj.com.br /public/carne/includes/menu/phplm320 ACKNOWLEDGEMENTS
116.06.21 21:07 B E:\WebServer\carne\includes\menu\phplm320\CHANGE_TEMPLATE_CLASS_NAME.sh --> www.mcj.com.br /public/carne/includes/menu/phplm320 CHANGE_TEMPLATE_CLASS_NAME.sh
116.06.21 21:07 B E:\WebServer\carne\includes\menu\phplm320\CHANGELOG --> www.mcj.com.br /public/carne/includes/menu/phplm320 CHANGELOG
116.06.21 21:07 B E:\WebServer\carne\includes\menu\phplm320\copying --> www.mcj.com.br /public/carne/includes/menu/phplm320 copying
116.06.21 21:07 B E:\WebServer\carne\includes\menu\phplm320\demo.php --> www.mcj.com.br /public/carne/includes/menu/phplm320 demo.php
116.06.21 21:07 B E:\WebServer\carne\includes\menu\phplm320\demo.php.html --> www.mcj.com.br /public/carne/includes/menu/phplm320 demo.php.html
116.06.21 21:07 B E:\WebServer\carne\includes\menu\phplm320\demo.phps --> www.mcj.com.br /public/carne/includes/menu/phplm320 demo.phps
116.06.21 21:07 B E:\WebServer\carne\includes\menu\phplm320\example-db-hormenu.php --> www.mcj.com.br /public/carne/includes/menu/phplm320 example-db-hormenu.php
116.06.21 21:07 B E:\WebServer\carne\includes\menu\phplm320\example-db-treemenu.notshown.php --> www.mcj.com.br /public/carne/includes/menu/phplm320 example-db-treemenu.notshown.php
116.06.21 21:07 B E:\WebServer\carne\includes\menu\phplm320\example-db-treemenu.php --> www.mcj.com.br /public/carne/includes/menu/phplm320 example-db-treemenu.php
116.06.21 21:07 B E:\WebServer\carne\includes\menu\phplm320\example-dbtofile.php --> www.mcj.com.br /public/carne/includes/menu/phplm320 example-dbtofile.php
116.06.21 21:07 B E:\WebServer\carne\includes\menu\phplm320\example-filetodb.php --> www.mcj.com.br /public/carne/includes/menu/phplm320 example-filetodb.php
116.06.21 21:07 B E:\WebServer\carne\includes\menu\phplm320\example-frame-body.php --> www.mcj.com.br /public/carne/includes/menu/phplm320 example-frame-body.php
116.06.21 21:07 B E:\WebServer\carne\includes\menu\phplm320\example-frame-treemenu.php --> www.mcj.com.br /public/carne/includes/menu/phplm320 example-frame-treemenu.php
116.06.21 21:07 B E:\WebServer\carne\includes\menu\phplm320\example-frame.html --> www.mcj.com.br /public/carne/includes/menu/phplm320 example-frame.html
116.06.21 21:07 B E:\WebServer\carne\includes\menu\phplm320\example-hormenu-old.php --> www.mcj.com.br /public/carne/includes/menu/phplm320 example-hormenu-old.php
116.06.21 21:07 B E:\WebServer\carne\includes\menu\phplm320\example-hormenu.php --> www.mcj.com.br /public/carne/includes/menu/phplm320 example-hormenu.php
116.06.21 21:07 B E:\WebServer\carne\includes\menu\phplm320\example-hormenu_and_treemenu.php --> www.mcj.com.br /public/carne/includes/menu/phplm320 example-hormenu_and_treemenu.php
116.06.21 21:07 B E:\WebServer\carne\includes\menu\phplm320\example-hormenu_and_vermenu.php --> www.mcj.com.br /public/carne/includes/menu/phplm320 example-hormenu_and_vermenu.php
116.06.21 21:07 B E:\WebServer\carne\includes\menu\phplm320\example-horplainmenu.php --> www.mcj.com.br /public/carne/includes/menu/phplm320 example-horplainmenu.php
116.06.21 21:07 B E:\WebServer\carne\includes\menu\phplm320\example-layersmenus_and_treemenus.php --> www.mcj.com.br /public/carne/includes/menu/phplm320 example-layersmenus_and_treemenus.php
116.06.21 21:07 B E:\WebServer\carne\includes\menu\phplm320\example-phptreemenu.php --> www.mcj.com.br /public/carne/includes/menu/phplm320 example-phptreemenu.php
116.06.21 21:07 B E:\WebServer\carne\includes\menu\phplm320\example-see-through.php --> www.mcj.com.br /public/carne/includes/menu/phplm320 example-see-through.php
116.06.21 21:07 B E:\WebServer\carne\includes\menu\phplm320\example-treemenu.php --> www.mcj.com.br /public/carne/includes/menu/phplm320 example-treemenu.php
116.06.21 21:07 B E:\WebServer\carne\includes\menu\phplm320\example-two_treemenus.php --> www.mcj.com.br /public/carne/includes/menu/phplm320 example-two_treemenus.php
116.06.21 21:07 B E:\WebServer\carne\includes\menu\phplm320\example-vermenu.php --> www.mcj.com.br /public/carne/includes/menu/phplm320 example-vermenu.php
116.06.21 21:07 B E:\WebServer\carne\includes\menu\phplm320\example-verplainmenu.php --> www.mcj.com.br /public/carne/includes/menu/phplm320 example-verplainmenu.php
116.06.21 21:07 B E:\WebServer\carne\includes\menu\phplm320\examples-frame.html --> www.mcj.com.br /public/carne/includes/menu/phplm320 examples-frame.html
116.06.21 21:07 B E:\WebServer\carne\includes\menu\phplm320\examples-leftbar.html --> www.mcj.com.br /public/carne/includes/menu/phplm320 examples-leftbar.html
116.06.21 21:07 B E:\WebServer\carne\includes\menu\phplm320\index.php --> www.mcj.com.br /public/carne/includes/menu/phplm320 index.php
116.06.21 21:07 B E:\WebServer\carne\includes\menu\phplm320\invmon-layersmenu-demo.css --> www.mcj.com.br /public/carne/includes/menu/phplm320 invmon-layersmenu-demo.css
116.06.21 21:07 B E:\WebServer\carne\includes\menu\phplm320\invmon-layersmenu-gtk2.css --> www.mcj.com.br /public/carne/includes/menu/phplm320 invmon-layersmenu-gtk2.css
116.06.21 21:07 B E:\WebServer\carne\includes\menu\phplm320\invmon-menu.php --> www.mcj.com.br /public/carne/includes/menu/phplm320 invmon-menu.php
116.06.21 21:07 B E:\WebServer\carne\includes\menu\phplm320\invmon-menu.txt --> www.mcj.com.br /public/carne/includes/menu/phplm320 invmon-menu.txt
116.06.21 21:07 B E:\WebServer\carne\includes\menu\phplm320\layersmenu-demo.css --> www.mcj.com.br /public/carne/includes/menu/phplm320 layersmenu-demo.css
116.06.21 21:07 B E:\WebServer\carne\includes\menu\phplm320\layersmenu-galaxy.css --> www.mcj.com.br /public/carne/includes/menu/phplm320 layersmenu-galaxy.css
116.06.21 21:07 B E:\WebServer\carne\includes\menu\phplm320\layersmenu-gtk2.css --> www.mcj.com.br /public/carne/includes/menu/phplm320 layersmenu-gtk2.css
116.06.21 21:07 B E:\WebServer\carne\includes\menu\phplm320\layersmenu-horizontal-1.txt --> www.mcj.com.br /public/carne/includes/menu/phplm320 layersmenu-horizontal-1.txt
116.06.21 21:07 B E:\WebServer\carne\includes\menu\phplm320\layersmenu-horizontal-2.txt --> www.mcj.com.br /public/carne/includes/menu/phplm320 layersmenu-horizontal-2.txt
116.06.21 21:07 B E:\WebServer\carne\includes\menu\phplm320\layersmenu-index.css --> www.mcj.com.br /public/carne/includes/menu/phplm320 layersmenu-index.css
116.06.21 21:07 B E:\WebServer\carne\includes\menu\phplm320\layersmenu-index.txt --> www.mcj.com.br /public/carne/includes/menu/phplm320 layersmenu-index.txt
116.06.21 21:07 B E:\WebServer\carne\includes\menu\phplm320\layersmenu-keramik.css --> www.mcj.com.br /public/carne/includes/menu/phplm320 layersmenu-keramik.css
116.06.21 21:07 B E:\WebServer\carne\includes\menu\phplm320\layersmenu-old.css --> www.mcj.com.br /public/carne/includes/menu/phplm320 layersmenu-old.css
116.06.21 21:07 B E:\WebServer\carne\includes\menu\phplm320\layersmenu-vertical-1.txt --> www.mcj.com.br /public/carne/includes/menu/phplm320 layersmenu-vertical-1.txt
116.06.21 21:07 B E:\WebServer\carne\includes\menu\phplm320\layersmenu-vertical-2.txt --> www.mcj.com.br /public/carne/includes/menu/phplm320 layersmenu-vertical-2.txt
116.06.21 21:07 B E:\WebServer\carne\includes\menu\phplm320\layerstreemenu-hidden.css --> www.mcj.com.br /public/carne/includes/menu/phplm320 layerstreemenu-hidden.css
116.06.21 21:07 B E:\WebServer\carne\includes\menu\phplm320\layerstreemenu.css --> www.mcj.com.br /public/carne/includes/menu/phplm320 layerstreemenu.css
116.06.21 21:07 B E:\WebServer\carne\includes\menu\phplm320\license --> www.mcj.com.br /public/carne/includes/menu/phplm320 license
116.06.21 21:07 B E:\WebServer\carne\includes\menu\phplm320\menu-sgl.txt --> www.mcj.com.br /public/carne/includes/menu/phplm320 menu-sgl.txt
116.06.21 21:07 B E:\WebServer\carne\includes\menu\phplm320\README.ihtml --> www.mcj.com.br /public/carne/includes/menu/phplm320 README.ihtml
116.06.21 21:07 B E:\WebServer\carne\includes\menu\phplm320\README.PHPDOC --> www.mcj.com.br /public/carne/includes/menu/phplm320 README.PHPDOC
116.06.21 21:07 B E:\WebServer\carne\includes\menu\phplm320\todo --> www.mcj.com.br /public/carne/includes/menu/phplm320 todo
