114.03.26 17:34 B D:\WebServer\carne\includes\classes\auth.class.php <-- hrvinformatica.com.br /public_html/mm/includes/classes auth.class.php
114.03.26 17:34 B D:\WebServer\carne\includes\classes\conecta.class.php <-- hrvinformatica.com.br /public_html/mm/includes/classes conecta.class.php
114.03.26 17:34 B D:\WebServer\carne\includes\classes\dateOpers.class.php <-- hrvinformatica.com.br /public_html/mm/includes/classes dateOpers.class.php
114.03.26 17:34 B D:\WebServer\carne\includes\classes\geralog.class.php <-- hrvinformatica.com.br /public_html/mm/includes/classes geralog.class.php
114.03.26 17:34 B D:\WebServer\carne\includes\classes\headers.class.php <-- hrvinformatica.com.br /public_html/mm/includes/classes headers.class.php
114.03.26 17:34 B D:\WebServer\carne\includes\classes\lock.class.php <-- hrvinformatica.com.br /public_html/mm/includes/classes lock.class.php
114.03.26 17:34 B D:\WebServer\carne\includes\classes\paging.class.php <-- hrvinformatica.com.br /public_html/mm/includes/classes paging.class.php
114.03.26 17:37 B D:\WebServer\carne\includes\classes\auth.class.php <-- hrvinformatica.com.br /public_html/mm/includes/classes auth.class.php
114.03.26 17:37 B D:\WebServer\carne\includes\classes\conecta.class.php <-- hrvinformatica.com.br /public_html/mm/includes/classes conecta.class.php
114.03.26 17:37 B D:\WebServer\carne\includes\classes\dateOpers.class.php <-- hrvinformatica.com.br /public_html/mm/includes/classes dateOpers.class.php
114.03.26 17:37 B D:\WebServer\carne\includes\classes\geralog.class.php <-- hrvinformatica.com.br /public_html/mm/includes/classes geralog.class.php
114.03.26 17:37 B D:\WebServer\carne\includes\classes\headers.class.php <-- hrvinformatica.com.br /public_html/mm/includes/classes headers.class.php
114.03.26 17:37 B D:\WebServer\carne\includes\classes\lock.class.php <-- hrvinformatica.com.br /public_html/mm/includes/classes lock.class.php
114.03.26 17:37 B D:\WebServer\carne\includes\classes\paging.class.php <-- hrvinformatica.com.br /public_html/mm/includes/classes paging.class.php
116.06.21 09:32 B E:\WebServer\carne\includes\classes\auth.class.php --> www.mcj.com.br /public/carne/includes/classes auth.class.php
116.06.21 09:32 B E:\WebServer\carne\includes\classes\conecta.class.php --> www.mcj.com.br /public/carne/includes/classes conecta.class.php
116.06.21 09:32 B E:\WebServer\carne\includes\classes\dateOpers.class.php --> www.mcj.com.br /public/carne/includes/classes dateOpers.class.php
116.06.21 09:32 B E:\WebServer\carne\includes\classes\headers.class.php --> www.mcj.com.br /public/carne/includes/classes headers.class.php
116.06.21 09:32 B E:\WebServer\carne\includes\classes\lock.class.php --> www.mcj.com.br /public/carne/includes/classes lock.class.php
116.06.21 09:32 B E:\WebServer\carne\includes\classes\paging.class.php --> www.mcj.com.br /public/carne/includes/classes paging.class.php
