116.06.21 09:34 B E:\WebServer\carne\includes\css\aqua.gif --> www.mcj.com.br /public/carne/includes/css aqua.gif
116.06.21 09:34 B E:\WebServer\carne\includes\css\aqua.png --> www.mcj.com.br /public/carne/includes/css aqua.png
116.06.21 09:34 B E:\WebServer\carne\includes\css\aqua2.png --> www.mcj.com.br /public/carne/includes/css aqua2.png
116.06.21 09:34 B E:\WebServer\carne\includes\css\bg.gif --> www.mcj.com.br /public/carne/includes/css bg.gif
116.06.21 09:34 B E:\WebServer\carne\includes\css\bk_header.png --> www.mcj.com.br /public/carne/includes/css bk_header.png
116.06.21 09:34 B E:\WebServer\carne\includes\css\blank.gif --> www.mcj.com.br /public/carne/includes/css blank.gif
116.06.21 09:34 B E:\WebServer\carne\includes\css\calendar.css --> www.mcj.com.br /public/carne/includes/css calendar.css
116.06.21 09:34 B E:\WebServer\carne\includes\css\calendar.css.php --> www.mcj.com.br /public/carne/includes/css calendar.css.php
116.06.21 09:34 B E:\WebServer\carne\includes\css\estilos.css.php --> www.mcj.com.br /public/carne/includes/css estilos.css.php
116.06.21 09:34 B E:\WebServer\carne\includes\css\header_bar.gif --> www.mcj.com.br /public/carne/includes/css header_bar.gif
116.06.21 09:34 B E:\WebServer\carne\includes\css\header_bar2.png --> www.mcj.com.br /public/carne/includes/css header_bar2.png
116.06.21 09:34 B E:\WebServer\carne\includes\css\header_bar3.png --> www.mcj.com.br /public/carne/includes/css header_bar3.png
116.06.21 09:34 B E:\WebServer\carne\includes\css\main_bar-old.png --> www.mcj.com.br /public/carne/includes/css main_bar-old.png
116.06.21 09:34 B E:\WebServer\carne\includes\css\main_bar.png --> www.mcj.com.br /public/carne/includes/css main_bar.png
116.06.21 09:34 B E:\WebServer\carne\includes\css\main_bar2.PNG --> www.mcj.com.br /public/carne/includes/css main_bar2.PNG
116.06.21 09:34 B E:\WebServer\carne\includes\css\OrderAsc.png --> www.mcj.com.br /public/carne/includes/css OrderAsc.png
116.06.21 09:34 B E:\WebServer\carne\includes\css\OrderAsc.png-old --> www.mcj.com.br /public/carne/includes/css OrderAsc.png-old
116.06.21 09:34 B E:\WebServer\carne\includes\css\OrderDesc.png --> www.mcj.com.br /public/carne/includes/css OrderDesc.png
116.06.21 09:34 B E:\WebServer\carne\includes\css\OrderDesc.png-old --> www.mcj.com.br /public/carne/includes/css OrderDesc.png-old
116.06.21 09:34 B E:\WebServer\carne\includes\css\pngbahavior.txt --> www.mcj.com.br /public/carne/includes/css pngbahavior.txt
116.06.21 09:34 B E:\WebServer\carne\includes\css\pngbehavior.htc --> www.mcj.com.br /public/carne/includes/css pngbehavior.htc
116.06.21 09:34 B E:\WebServer\carne\includes\css\selected.png --> www.mcj.com.br /public/carne/includes/css selected.png
116.06.21 22:29 B E:\WebServer\carne\includes\css\aqua.gif --> www.mcj.com.br /public/carne/includes/css aqua.gif
116.06.21 22:29 B E:\WebServer\carne\includes\css\aqua.png --> www.mcj.com.br /public/carne/includes/css aqua.png
116.06.21 22:29 B E:\WebServer\carne\includes\css\aqua2.png --> www.mcj.com.br /public/carne/includes/css aqua2.png
116.06.21 22:29 B E:\WebServer\carne\includes\css\bg.gif --> www.mcj.com.br /public/carne/includes/css bg.gif
116.06.21 22:29 B E:\WebServer\carne\includes\css\bk_header.png --> www.mcj.com.br /public/carne/includes/css bk_header.png
116.06.21 22:29 B E:\WebServer\carne\includes\css\blank.gif --> www.mcj.com.br /public/carne/includes/css blank.gif
116.06.21 22:29 B E:\WebServer\carne\includes\css\calendar.css --> www.mcj.com.br /public/carne/includes/css calendar.css
116.06.21 22:29 B E:\WebServer\carne\includes\css\calendar.css.php --> www.mcj.com.br /public/carne/includes/css calendar.css.php
116.06.21 22:29 B E:\WebServer\carne\includes\css\estilos.css.php --> www.mcj.com.br /public/carne/includes/css estilos.css.php
116.06.21 22:29 B E:\WebServer\carne\includes\css\header_bar.gif --> www.mcj.com.br /public/carne/includes/css header_bar.gif
116.06.21 22:29 B E:\WebServer\carne\includes\css\header_bar2.png --> www.mcj.com.br /public/carne/includes/css header_bar2.png
116.06.21 22:29 B E:\WebServer\carne\includes\css\header_bar3.png --> www.mcj.com.br /public/carne/includes/css header_bar3.png
116.06.21 22:29 B E:\WebServer\carne\includes\css\main_bar-old.png --> www.mcj.com.br /public/carne/includes/css main_bar-old.png
116.06.21 22:29 B E:\WebServer\carne\includes\css\main_bar.png --> www.mcj.com.br /public/carne/includes/css main_bar.png
116.06.21 22:29 B E:\WebServer\carne\includes\css\main_bar2.PNG --> www.mcj.com.br /public/carne/includes/css main_bar2.PNG
116.06.21 22:29 B E:\WebServer\carne\includes\css\OrderAsc.png --> www.mcj.com.br /public/carne/includes/css OrderAsc.png
116.06.21 22:29 B E:\WebServer\carne\includes\css\OrderAsc.png-old --> www.mcj.com.br /public/carne/includes/css OrderAsc.png-old
116.06.21 22:29 B E:\WebServer\carne\includes\css\OrderDesc.png --> www.mcj.com.br /public/carne/includes/css OrderDesc.png
116.06.21 22:29 B E:\WebServer\carne\includes\css\OrderDesc.png-old --> www.mcj.com.br /public/carne/includes/css OrderDesc.png-old
116.06.21 22:29 B E:\WebServer\carne\includes\css\pngbahavior.txt --> www.mcj.com.br /public/carne/includes/css pngbahavior.txt
116.06.21 22:29 B E:\WebServer\carne\includes\css\pngbehavior.htc --> www.mcj.com.br /public/carne/includes/css pngbehavior.htc
116.06.21 22:29 B E:\WebServer\carne\includes\css\selected.png --> www.mcj.com.br /public/carne/includes/css selected.png
116.06.21 22:29 B E:\WebServer\carne\includes\css\Thumbs.db --> www.mcj.com.br /public/carne/includes/css Thumbs.db
116.06.21 22:29 B E:\WebServer\carne\includes\css\vssver2.scc --> www.mcj.com.br /public/carne/includes/css vssver2.scc
116.06.21 22:29 B E:\WebServer\carne\includes\css\WS_FTP.LOG --> www.mcj.com.br /public/carne/includes/css WS_FTP.LOG
