116.06.21 09:55 B E:\WebServer\carne\includes\imgs\assinatura.png --> www.mcj.com.br /public/carne/includes/imgs assinatura.png
116.06.21 09:55 B E:\WebServer\carne\includes\imgs\background.gif --> www.mcj.com.br /public/carne/includes/imgs background.gif
116.06.21 09:55 B E:\WebServer\carne\includes\imgs\checked.png --> www.mcj.com.br /public/carne/includes/imgs checked.png
116.06.21 09:55 B E:\WebServer\carne\includes\imgs\close.png --> www.mcj.com.br /public/carne/includes/imgs close.png
116.06.21 09:55 B E:\WebServer\carne\includes\imgs\consulta.gif --> www.mcj.com.br /public/carne/includes/imgs consulta.gif
116.06.21 09:55 B E:\WebServer\carne\includes\imgs\highlight.gif --> www.mcj.com.br /public/carne/includes/imgs highlight.gif
116.06.21 09:55 B E:\WebServer\carne\includes\imgs\impressora.jpg --> www.mcj.com.br /public/carne/includes/imgs impressora.jpg
116.06.21 09:55 B E:\WebServer\carne\includes\imgs\invmon.gif --> www.mcj.com.br /public/carne/includes/imgs invmon.gif
116.06.21 09:55 B E:\WebServer\carne\includes\imgs\loading.gif --> www.mcj.com.br /public/carne/includes/imgs loading.gif
116.06.21 09:55 B E:\WebServer\carne\includes\imgs\loading_bar.gif --> www.mcj.com.br /public/carne/includes/imgs loading_bar.gif
116.06.21 09:55 B E:\WebServer\carne\includes\imgs\marciam.PNG --> www.mcj.com.br /public/carne/includes/imgs marciam.PNG
116.06.21 09:55 B E:\WebServer\carne\includes\imgs\open.png --> www.mcj.com.br /public/carne/includes/imgs open.png
116.06.21 09:55 B E:\WebServer\carne\includes\imgs\reload.png --> www.mcj.com.br /public/carne/includes/imgs reload.png
116.06.21 09:55 B E:\WebServer\carne\includes\imgs\reload_page.png --> www.mcj.com.br /public/carne/includes/imgs reload_page.png
116.06.21 09:55 B E:\WebServer\carne\includes\imgs\sla1.png --> www.mcj.com.br /public/carne/includes/imgs sla1.png
116.06.21 09:55 B E:\WebServer\carne\includes\imgs\sla2.png --> www.mcj.com.br /public/carne/includes/imgs sla2.png
116.06.21 09:55 B E:\WebServer\carne\includes\imgs\sla3.png --> www.mcj.com.br /public/carne/includes/imgs sla3.png
116.06.21 09:55 B E:\WebServer\carne\includes\imgs\Thumbs.db --> www.mcj.com.br /public/carne/includes/imgs Thumbs.db
116.06.21 09:55 B E:\WebServer\carne\includes\imgs\vssver2.scc --> www.mcj.com.br /public/carne/includes/imgs vssver2.scc
116.06.21 09:55 B E:\WebServer\carne\includes\imgs\xpcollapse1_s.gif --> www.mcj.com.br /public/carne/includes/imgs xpcollapse1_s.gif
116.06.21 09:55 B E:\WebServer\carne\includes\imgs\xpexpand1_s.gif --> www.mcj.com.br /public/carne/includes/imgs xpexpand1_s.gif
116.06.21 09:55 B E:\WebServer\carne\includes\imgs\xptitle2_s.gif --> www.mcj.com.br /public/carne/includes/imgs xptitle2_s.gif
116.06.21 09:55 B E:\WebServer\carne\includes\imgs\xptitle_s.gif --> www.mcj.com.br /public/carne/includes/imgs xptitle_s.gif
