116.06.21 09:50 B E:\WebServer\carne\includes\dompdf\include\abstract_renderer.cls.php --> www.mcj.com.br /public/carne/includes/dompdf/include abstract_renderer.cls.php
116.06.21 09:50 B E:\WebServer\carne\includes\dompdf\include\attribute_translator.cls.php --> www.mcj.com.br /public/carne/includes/dompdf/include attribute_translator.cls.php
116.06.21 09:50 B E:\WebServer\carne\includes\dompdf\include\block_frame_decorator.cls.php --> www.mcj.com.br /public/carne/includes/dompdf/include block_frame_decorator.cls.php
116.06.21 09:50 B E:\WebServer\carne\includes\dompdf\include\block_frame_reflower.cls.php --> www.mcj.com.br /public/carne/includes/dompdf/include block_frame_reflower.cls.php
116.06.21 09:50 B E:\WebServer\carne\includes\dompdf\include\block_positioner.cls.php --> www.mcj.com.br /public/carne/includes/dompdf/include block_positioner.cls.php
116.06.21 09:50 B E:\WebServer\carne\includes\dompdf\include\block_renderer.cls.php --> www.mcj.com.br /public/carne/includes/dompdf/include block_renderer.cls.php
116.06.21 09:50 B E:\WebServer\carne\includes\dompdf\include\cached_pdf_decorator.cls.php --> www.mcj.com.br /public/carne/includes/dompdf/include cached_pdf_decorator.cls.php
116.06.21 09:50 B E:\WebServer\carne\includes\dompdf\include\canvas.cls.php --> www.mcj.com.br /public/carne/includes/dompdf/include canvas.cls.php
116.06.21 09:50 B E:\WebServer\carne\includes\dompdf\include\canvas_factory.cls.php --> www.mcj.com.br /public/carne/includes/dompdf/include canvas_factory.cls.php
116.06.21 09:50 B E:\WebServer\carne\includes\dompdf\include\cellmap.cls.php --> www.mcj.com.br /public/carne/includes/dompdf/include cellmap.cls.php
116.06.21 09:50 B E:\WebServer\carne\includes\dompdf\include\cpdf_adapter.cls.php --> www.mcj.com.br /public/carne/includes/dompdf/include cpdf_adapter.cls.php
116.06.21 09:50 B E:\WebServer\carne\includes\dompdf\include\dompdf.cls.php --> www.mcj.com.br /public/carne/includes/dompdf/include dompdf.cls.php
116.06.21 09:50 B E:\WebServer\carne\includes\dompdf\include\dompdf_exception.cls.php --> www.mcj.com.br /public/carne/includes/dompdf/include dompdf_exception.cls.php
116.06.21 09:50 B E:\WebServer\carne\includes\dompdf\include\dompdf_internal_exception.cls.php --> www.mcj.com.br /public/carne/includes/dompdf/include dompdf_internal_exception.cls.php
116.06.21 09:50 B E:\WebServer\carne\includes\dompdf\include\font_metrics.cls.php --> www.mcj.com.br /public/carne/includes/dompdf/include font_metrics.cls.php
116.06.21 09:50 B E:\WebServer\carne\includes\dompdf\include\frame.cls.php --> www.mcj.com.br /public/carne/includes/dompdf/include frame.cls.php
116.06.21 09:50 B E:\WebServer\carne\includes\dompdf\include\frame_decorator.cls.php --> www.mcj.com.br /public/carne/includes/dompdf/include frame_decorator.cls.php
116.06.21 09:50 B E:\WebServer\carne\includes\dompdf\include\frame_factory.cls.php --> www.mcj.com.br /public/carne/includes/dompdf/include frame_factory.cls.php
116.06.21 09:50 B E:\WebServer\carne\includes\dompdf\include\frame_reflower.cls.php --> www.mcj.com.br /public/carne/includes/dompdf/include frame_reflower.cls.php
116.06.21 09:50 B E:\WebServer\carne\includes\dompdf\include\frame_tree.cls.php --> www.mcj.com.br /public/carne/includes/dompdf/include frame_tree.cls.php
116.06.21 09:50 B E:\WebServer\carne\includes\dompdf\include\functions.inc.php --> www.mcj.com.br /public/carne/includes/dompdf/include functions.inc.php
116.06.21 09:50 B E:\WebServer\carne\includes\dompdf\include\gd_adapter.cls.php --> www.mcj.com.br /public/carne/includes/dompdf/include gd_adapter.cls.php
116.06.21 09:50 B E:\WebServer\carne\includes\dompdf\include\generated_frame_reflower.cls.php --> www.mcj.com.br /public/carne/includes/dompdf/include generated_frame_reflower.cls.php
116.06.21 09:50 B E:\WebServer\carne\includes\dompdf\include\image_cache.cls.php --> www.mcj.com.br /public/carne/includes/dompdf/include image_cache.cls.php
116.06.21 09:50 B E:\WebServer\carne\includes\dompdf\include\image_frame_decorator.cls.php --> www.mcj.com.br /public/carne/includes/dompdf/include image_frame_decorator.cls.php
116.06.21 09:50 B E:\WebServer\carne\includes\dompdf\include\image_frame_reflower.cls.php --> www.mcj.com.br /public/carne/includes/dompdf/include image_frame_reflower.cls.php
116.06.21 09:50 B E:\WebServer\carne\includes\dompdf\include\image_renderer.cls.php --> www.mcj.com.br /public/carne/includes/dompdf/include image_renderer.cls.php
116.06.21 09:50 B E:\WebServer\carne\includes\dompdf\include\inline_frame_decorator.cls.php --> www.mcj.com.br /public/carne/includes/dompdf/include inline_frame_decorator.cls.php
116.06.21 09:50 B E:\WebServer\carne\includes\dompdf\include\inline_frame_reflower.cls.php --> www.mcj.com.br /public/carne/includes/dompdf/include inline_frame_reflower.cls.php
116.06.21 09:50 B E:\WebServer\carne\includes\dompdf\include\inline_positioner.cls.php --> www.mcj.com.br /public/carne/includes/dompdf/include inline_positioner.cls.php
116.06.21 09:50 B E:\WebServer\carne\includes\dompdf\include\inline_renderer.cls.php --> www.mcj.com.br /public/carne/includes/dompdf/include inline_renderer.cls.php
116.06.21 09:50 B E:\WebServer\carne\includes\dompdf\include\list_bullet_frame_decorator.cls.php --> www.mcj.com.br /public/carne/includes/dompdf/include list_bullet_frame_decorator.cls.php
116.06.21 09:50 B E:\WebServer\carne\includes\dompdf\include\list_bullet_frame_reflower.cls.php --> www.mcj.com.br /public/carne/includes/dompdf/include list_bullet_frame_reflower.cls.php
116.06.21 09:50 B E:\WebServer\carne\includes\dompdf\include\list_bullet_image_frame_decorator.cls.php --> www.mcj.com.br /public/carne/includes/dompdf/include list_bullet_image_frame_decorator.cls.php
116.06.21 09:50 B E:\WebServer\carne\includes\dompdf\include\list_bullet_positioner.cls.php --> www.mcj.com.br /public/carne/includes/dompdf/include list_bullet_positioner.cls.php
