116.06.21 21:09 B E:\WebServer\carne\includes\menu\phplm320\logos\powered_by_phplm.png --> www.mcj.com.br /public/carne/includes/menu/phplm320/logos powered_by_phplm.png
116.06.21 21:09 B E:\WebServer\carne\includes\menu\phplm320\logos\powered_by_phplm_b01.png --> www.mcj.com.br /public/carne/includes/menu/phplm320/logos powered_by_phplm_b01.png
116.06.21 21:09 B E:\WebServer\carne\includes\menu\phplm320\logos\powered_by_phplm_b02.png --> www.mcj.com.br /public/carne/includes/menu/phplm320/logos powered_by_phplm_b02.png
116.06.21 21:09 B E:\WebServer\carne\includes\menu\phplm320\logos\powered_by_phplm_b03.png --> www.mcj.com.br /public/carne/includes/menu/phplm320/logos powered_by_phplm_b03.png
116.06.21 21:09 B E:\WebServer\carne\includes\menu\phplm320\logos\powered_by_phplm_b04.png --> www.mcj.com.br /public/carne/includes/menu/phplm320/logos powered_by_phplm_b04.png
116.06.21 21:09 B E:\WebServer\carne\includes\menu\phplm320\logos\powered_by_phplm_l01.png --> www.mcj.com.br /public/carne/includes/menu/phplm320/logos powered_by_phplm_l01.png
116.06.21 21:09 B E:\WebServer\carne\includes\menu\phplm320\logos\powered_by_phplm_l02.png --> www.mcj.com.br /public/carne/includes/menu/phplm320/logos powered_by_phplm_l02.png
116.06.21 21:09 B E:\WebServer\carne\includes\menu\phplm320\logos\powered_by_phplm_l03.png --> www.mcj.com.br /public/carne/includes/menu/phplm320/logos powered_by_phplm_l03.png
116.06.21 21:09 B E:\WebServer\carne\includes\menu\phplm320\logos\powered_by_phplm_l04.png --> www.mcj.com.br /public/carne/includes/menu/phplm320/logos powered_by_phplm_l04.png
116.06.21 21:09 B E:\WebServer\carne\includes\menu\phplm320\logos\powered_by_phplm_y01.png --> www.mcj.com.br /public/carne/includes/menu/phplm320/logos powered_by_phplm_y01.png
116.06.21 21:09 B E:\WebServer\carne\includes\menu\phplm320\logos\powered_by_phplm_y02.png --> www.mcj.com.br /public/carne/includes/menu/phplm320/logos powered_by_phplm_y02.png
116.06.21 21:09 B E:\WebServer\carne\includes\menu\phplm320\logos\powered_by_phplm_y03.png --> www.mcj.com.br /public/carne/includes/menu/phplm320/logos powered_by_phplm_y03.png
116.06.21 21:09 B E:\WebServer\carne\includes\menu\phplm320\logos\powered_by_phplm_y04.png --> www.mcj.com.br /public/carne/includes/menu/phplm320/logos powered_by_phplm_y04.png
116.06.21 21:10 B E:\WebServer\carne\includes\menu\phplm320\logos\readme --> www.mcj.com.br /public/carne/includes/menu/phplm320/logos readme
116.06.21 21:10 B E:\WebServer\carne\includes\menu\phplm320\logos\shortcut_icon_phplm.png --> www.mcj.com.br /public/carne/includes/menu/phplm320/logos shortcut_icon_phplm.png
116.06.21 21:10 B E:\WebServer\carne\includes\menu\phplm320\logos\shortcut_icon_phplm_01.png --> www.mcj.com.br /public/carne/includes/menu/phplm320/logos shortcut_icon_phplm_01.png
116.06.21 21:10 B E:\WebServer\carne\includes\menu\phplm320\logos\shortcut_icon_phplm_02.png --> www.mcj.com.br /public/carne/includes/menu/phplm320/logos shortcut_icon_phplm_02.png
116.06.21 21:10 B E:\WebServer\carne\includes\menu\phplm320\logos\shortcut_icon_phplm_03.png --> www.mcj.com.br /public/carne/includes/menu/phplm320/logos shortcut_icon_phplm_03.png
116.06.21 21:10 B E:\WebServer\carne\includes\menu\phplm320\logos\shortcut_icon_phplm_04.png --> www.mcj.com.br /public/carne/includes/menu/phplm320/logos shortcut_icon_phplm_04.png
116.06.21 21:10 B E:\WebServer\carne\includes\menu\phplm320\logos\shortcut_icon_phplm_05.png --> www.mcj.com.br /public/carne/includes/menu/phplm320/logos shortcut_icon_phplm_05.png
