116.06.21 21:11 B E:\WebServer\carne\includes\menu\phplm320\menuimages\down-arrow-blue.png --> www.mcj.com.br /public/carne/includes/menu/phplm320/menuimages down-arrow-blue.png
116.06.21 21:11 B E:\WebServer\carne\includes\menu\phplm320\menuimages\down-arrow.png --> www.mcj.com.br /public/carne/includes/menu/phplm320/menuimages down-arrow.png
116.06.21 21:11 B E:\WebServer\carne\includes\menu\phplm320\menuimages\down-galaxy.png --> www.mcj.com.br /public/carne/includes/menu/phplm320/menuimages down-galaxy.png
116.06.21 21:11 B E:\WebServer\carne\includes\menu\phplm320\menuimages\down-gnome.png --> www.mcj.com.br /public/carne/includes/menu/phplm320/menuimages down-gnome.png
116.06.21 21:11 B E:\WebServer\carne\includes\menu\phplm320\menuimages\down-gtk2.png --> www.mcj.com.br /public/carne/includes/menu/phplm320/menuimages down-gtk2.png
116.06.21 21:11 B E:\WebServer\carne\includes\menu\phplm320\menuimages\down-keramik.png --> www.mcj.com.br /public/carne/includes/menu/phplm320/menuimages down-keramik.png
116.06.21 21:11 B E:\WebServer\carne\includes\menu\phplm320\menuimages\down-nautilus.png --> www.mcj.com.br /public/carne/includes/menu/phplm320/menuimages down-nautilus.png
116.06.21 21:11 B E:\WebServer\carne\includes\menu\phplm320\menuimages\forward-arrow-blue.png --> www.mcj.com.br /public/carne/includes/menu/phplm320/menuimages forward-arrow-blue.png
116.06.21 21:11 B E:\WebServer\carne\includes\menu\phplm320\menuimages\forward-arrow.png --> www.mcj.com.br /public/carne/includes/menu/phplm320/menuimages forward-arrow.png
116.06.21 21:11 B E:\WebServer\carne\includes\menu\phplm320\menuimages\forward-galaxy.png --> www.mcj.com.br /public/carne/includes/menu/phplm320/menuimages forward-galaxy.png
116.06.21 21:11 B E:\WebServer\carne\includes\menu\phplm320\menuimages\forward-gnome.png --> www.mcj.com.br /public/carne/includes/menu/phplm320/menuimages forward-gnome.png
116.06.21 21:11 B E:\WebServer\carne\includes\menu\phplm320\menuimages\forward-gtk2.png --> www.mcj.com.br /public/carne/includes/menu/phplm320/menuimages forward-gtk2.png
116.06.21 21:11 B E:\WebServer\carne\includes\menu\phplm320\menuimages\forward-keramik.png --> www.mcj.com.br /public/carne/includes/menu/phplm320/menuimages forward-keramik.png
116.06.21 21:11 B E:\WebServer\carne\includes\menu\phplm320\menuimages\forward-nautilus.png --> www.mcj.com.br /public/carne/includes/menu/phplm320/menuimages forward-nautilus.png
116.06.21 21:11 B E:\WebServer\carne\includes\menu\phplm320\menuimages\kde_tree_collapse.png --> www.mcj.com.br /public/carne/includes/menu/phplm320/menuimages kde_tree_collapse.png
116.06.21 21:11 B E:\WebServer\carne\includes\menu\phplm320\menuimages\kde_tree_collapse_corner.png --> www.mcj.com.br /public/carne/includes/menu/phplm320/menuimages kde_tree_collapse_corner.png
116.06.21 21:11 B E:\WebServer\carne\includes\menu\phplm320\menuimages\kde_tree_collapse_corner_first.png --> www.mcj.com.br /public/carne/includes/menu/phplm320/menuimages kde_tree_collapse_corner_first.png
116.06.21 21:11 B E:\WebServer\carne\includes\menu\phplm320\menuimages\kde_tree_collapse_first.png --> www.mcj.com.br /public/carne/includes/menu/phplm320/menuimages kde_tree_collapse_first.png
116.06.21 21:11 B E:\WebServer\carne\includes\menu\phplm320\menuimages\kde_tree_corner.png --> www.mcj.com.br /public/carne/includes/menu/phplm320/menuimages kde_tree_corner.png
116.06.21 21:11 B E:\WebServer\carne\includes\menu\phplm320\menuimages\kde_tree_expand.png --> www.mcj.com.br /public/carne/includes/menu/phplm320/menuimages kde_tree_expand.png
116.06.21 21:11 B E:\WebServer\carne\includes\menu\phplm320\menuimages\kde_tree_expand_corner.png --> www.mcj.com.br /public/carne/includes/menu/phplm320/menuimages kde_tree_expand_corner.png
116.06.21 21:11 B E:\WebServer\carne\includes\menu\phplm320\menuimages\kde_tree_expand_corner_first.png --> www.mcj.com.br /public/carne/includes/menu/phplm320/menuimages kde_tree_expand_corner_first.png
116.06.21 21:11 B E:\WebServer\carne\includes\menu\phplm320\menuimages\kde_tree_expand_first.png --> www.mcj.com.br /public/carne/includes/menu/phplm320/menuimages kde_tree_expand_first.png
116.06.21 21:11 B E:\WebServer\carne\includes\menu\phplm320\menuimages\kde_tree_folder_closed.png --> www.mcj.com.br /public/carne/includes/menu/phplm320/menuimages kde_tree_folder_closed.png
116.06.21 21:11 B E:\WebServer\carne\includes\menu\phplm320\menuimages\kde_tree_folder_open.png --> www.mcj.com.br /public/carne/includes/menu/phplm320/menuimages kde_tree_folder_open.png
116.06.21 21:11 B E:\WebServer\carne\includes\menu\phplm320\menuimages\kde_tree_leaf.png --> www.mcj.com.br /public/carne/includes/menu/phplm320/menuimages kde_tree_leaf.png
116.06.21 21:11 B E:\WebServer\carne\includes\menu\phplm320\menuimages\kde_tree_space.png --> www.mcj.com.br /public/carne/includes/menu/phplm320/menuimages kde_tree_space.png
116.06.21 21:11 B E:\WebServer\carne\includes\menu\phplm320\menuimages\kde_tree_split.png --> www.mcj.com.br /public/carne/includes/menu/phplm320/menuimages kde_tree_split.png
116.06.21 21:11 B E:\WebServer\carne\includes\menu\phplm320\menuimages\kde_tree_split_first.png --> www.mcj.com.br /public/carne/includes/menu/phplm320/menuimages kde_tree_split_first.png
116.06.21 21:11 B E:\WebServer\carne\includes\menu\phplm320\menuimages\kde_tree_vertline.png --> www.mcj.com.br /public/carne/includes/menu/phplm320/menuimages kde_tree_vertline.png
116.06.21 21:11 B E:\WebServer\carne\includes\menu\phplm320\menuimages\nautilus_tree_collapse.png --> www.mcj.com.br /public/carne/includes/menu/phplm320/menuimages nautilus_tree_collapse.png
116.06.21 21:11 B E:\WebServer\carne\includes\menu\phplm320\menuimages\nautilus_tree_collapse_corner.png --> www.mcj.com.br /public/carne/includes/menu/phplm320/menuimages nautilus_tree_collapse_corner.png
116.06.21 21:11 B E:\WebServer\carne\includes\menu\phplm320\menuimages\nautilus_tree_collapse_corner_first.png --> www.mcj.com.br /public/carne/includes/menu/phplm320/menuimages nautilus_tree_collapse_corner_first.png
116.06.21 21:11 B E:\WebServer\carne\includes\menu\phplm320\menuimages\nautilus_tree_collapse_first.png --> www.mcj.com.br /public/carne/includes/menu/phplm320/menuimages nautilus_tree_collapse_first.png
116.06.21 21:11 B E:\WebServer\carne\includes\menu\phplm320\menuimages\nautilus_tree_corner.png --> www.mcj.com.br /public/carne/includes/menu/phplm320/menuimages nautilus_tree_corner.png
116.06.21 21:11 B E:\WebServer\carne\includes\menu\phplm320\menuimages\nautilus_tree_expand.png --> www.mcj.com.br /public/carne/includes/menu/phplm320/menuimages nautilus_tree_expand.png
116.06.21 21:11 B E:\WebServer\carne\includes\menu\phplm320\menuimages\nautilus_tree_expand_corner.png --> www.mcj.com.br /public/carne/includes/menu/phplm320/menuimages nautilus_tree_expand_corner.png
116.06.21 21:11 B E:\WebServer\carne\includes\menu\phplm320\menuimages\nautilus_tree_expand_corner_first.png --> www.mcj.com.br /public/carne/includes/menu/phplm320/menuimages nautilus_tree_expand_corner_first.png
116.06.21 21:11 B E:\WebServer\carne\includes\menu\phplm320\menuimages\nautilus_tree_expand_first.png --> www.mcj.com.br /public/carne/includes/menu/phplm320/menuimages nautilus_tree_expand_first.png
116.06.21 21:11 B E:\WebServer\carne\includes\menu\phplm320\menuimages\nautilus_tree_folder_closed.png --> www.mcj.com.br /public/carne/includes/menu/phplm320/menuimages nautilus_tree_folder_closed.png
116.06.21 21:11 B E:\WebServer\carne\includes\menu\phplm320\menuimages\nautilus_tree_folder_open.png --> www.mcj.com.br /public/carne/includes/menu/phplm320/menuimages nautilus_tree_folder_open.png
116.06.21 21:11 B E:\WebServer\carne\includes\menu\phplm320\menuimages\nautilus_tree_leaf.png --> www.mcj.com.br /public/carne/includes/menu/phplm320/menuimages nautilus_tree_leaf.png
116.06.21 21:11 B E:\WebServer\carne\includes\menu\phplm320\menuimages\nautilus_tree_space.png --> www.mcj.com.br /public/carne/includes/menu/phplm320/menuimages nautilus_tree_space.png
116.06.21 21:11 B E:\WebServer\carne\includes\menu\phplm320\menuimages\nautilus_tree_split.png --> www.mcj.com.br /public/carne/includes/menu/phplm320/menuimages nautilus_tree_split.png
116.06.21 21:11 B E:\WebServer\carne\includes\menu\phplm320\menuimages\nautilus_tree_split_first.png --> www.mcj.com.br /public/carne/includes/menu/phplm320/menuimages nautilus_tree_split_first.png
116.06.21 21:11 B E:\WebServer\carne\includes\menu\phplm320\menuimages\nautilus_tree_vertline.png --> www.mcj.com.br /public/carne/includes/menu/phplm320/menuimages nautilus_tree_vertline.png
116.06.21 21:11 B E:\WebServer\carne\includes\menu\phplm320\menuimages\tools.png --> www.mcj.com.br /public/carne/includes/menu/phplm320/menuimages tools.png
116.06.21 21:11 B E:\WebServer\carne\includes\menu\phplm320\menuimages\transparent.png --> www.mcj.com.br /public/carne/includes/menu/phplm320/menuimages transparent.png
116.06.21 21:11 B E:\WebServer\carne\includes\menu\phplm320\menuimages\tree_collapse.png --> www.mcj.com.br /public/carne/includes/menu/phplm320/menuimages tree_collapse.png
116.06.21 21:11 B E:\WebServer\carne\includes\menu\phplm320\menuimages\tree_collapse_corner.png --> www.mcj.com.br /public/carne/includes/menu/phplm320/menuimages tree_collapse_corner.png
116.06.21 21:11 B E:\WebServer\carne\includes\menu\phplm320\menuimages\tree_collapse_corner_first.png --> www.mcj.com.br /public/carne/includes/menu/phplm320/menuimages tree_collapse_corner_first.png
116.06.21 21:11 B E:\WebServer\carne\includes\menu\phplm320\menuimages\tree_collapse_first.png --> www.mcj.com.br /public/carne/includes/menu/phplm320/menuimages tree_collapse_first.png
116.06.21 21:11 B E:\WebServer\carne\includes\menu\phplm320\menuimages\tree_corner.png --> www.mcj.com.br /public/carne/includes/menu/phplm320/menuimages tree_corner.png
116.06.21 21:11 B E:\WebServer\carne\includes\menu\phplm320\menuimages\tree_expand.png --> www.mcj.com.br /public/carne/includes/menu/phplm320/menuimages tree_expand.png
116.06.21 21:11 B E:\WebServer\carne\includes\menu\phplm320\menuimages\tree_expand_corner.png --> www.mcj.com.br /public/carne/includes/menu/phplm320/menuimages tree_expand_corner.png
116.06.21 21:11 B E:\WebServer\carne\includes\menu\phplm320\menuimages\tree_expand_corner_first.png --> www.mcj.com.br /public/carne/includes/menu/phplm320/menuimages tree_expand_corner_first.png
116.06.21 21:11 B E:\WebServer\carne\includes\menu\phplm320\menuimages\tree_expand_first.png --> www.mcj.com.br /public/carne/includes/menu/phplm320/menuimages tree_expand_first.png
116.06.21 21:11 B E:\WebServer\carne\includes\menu\phplm320\menuimages\tree_folder_closed.png --> www.mcj.com.br /public/carne/includes/menu/phplm320/menuimages tree_folder_closed.png
116.06.21 21:11 B E:\WebServer\carne\includes\menu\phplm320\menuimages\tree_folder_open.png --> www.mcj.com.br /public/carne/includes/menu/phplm320/menuimages tree_folder_open.png
116.06.21 21:11 B E:\WebServer\carne\includes\menu\phplm320\menuimages\tree_folder_open_.png --> www.mcj.com.br /public/carne/includes/menu/phplm320/menuimages tree_folder_open_.png
116.06.21 21:11 B E:\WebServer\carne\includes\menu\phplm320\menuimages\tree_leaf.png --> www.mcj.com.br /public/carne/includes/menu/phplm320/menuimages tree_leaf.png
116.06.21 21:11 B E:\WebServer\carne\includes\menu\phplm320\menuimages\tree_space.png --> www.mcj.com.br /public/carne/includes/menu/phplm320/menuimages tree_space.png
116.06.21 21:12 B E:\WebServer\carne\includes\menu\phplm320\menuimages\tree_split.png --> www.mcj.com.br /public/carne/includes/menu/phplm320/menuimages tree_split.png
116.06.21 21:12 B E:\WebServer\carne\includes\menu\phplm320\menuimages\tree_split_first.png --> www.mcj.com.br /public/carne/includes/menu/phplm320/menuimages tree_split_first.png
116.06.21 21:12 B E:\WebServer\carne\includes\menu\phplm320\menuimages\tree_vertline.png --> www.mcj.com.br /public/carne/includes/menu/phplm320/menuimages tree_vertline.png
