116.06.21 21:01 B E:\WebServer\carne\includes\jpgraph\src\Changelog --> www.mcj.com.br /public/carne/includes/jpgraph/src Changelog
116.06.21 21:01 B E:\WebServer\carne\includes\jpgraph\src\imgdata_balls.inc --> www.mcj.com.br /public/carne/includes/jpgraph/src imgdata_balls.inc
116.06.21 21:02 B E:\WebServer\carne\includes\jpgraph\src\imgdata_bevels.inc --> www.mcj.com.br /public/carne/includes/jpgraph/src imgdata_bevels.inc
116.06.21 21:02 B E:\WebServer\carne\includes\jpgraph\src\imgdata_diamonds.inc --> www.mcj.com.br /public/carne/includes/jpgraph/src imgdata_diamonds.inc
116.06.21 21:02 B E:\WebServer\carne\includes\jpgraph\src\imgdata_pushpins.inc --> www.mcj.com.br /public/carne/includes/jpgraph/src imgdata_pushpins.inc
116.06.21 21:02 B E:\WebServer\carne\includes\jpgraph\src\imgdata_squares.inc --> www.mcj.com.br /public/carne/includes/jpgraph/src imgdata_squares.inc
116.06.21 21:02 B E:\WebServer\carne\includes\jpgraph\src\imgdata_stars.inc --> www.mcj.com.br /public/carne/includes/jpgraph/src imgdata_stars.inc
116.06.21 21:02 B E:\WebServer\carne\includes\jpgraph\src\jpgraph.php --> www.mcj.com.br /public/carne/includes/jpgraph/src jpgraph.php
116.06.21 21:02 B E:\WebServer\carne\includes\jpgraph\src\jpgraph_bar.php --> www.mcj.com.br /public/carne/includes/jpgraph/src jpgraph_bar.php
116.06.21 21:02 B E:\WebServer\carne\includes\jpgraph\src\jpgraph_canvas.php --> www.mcj.com.br /public/carne/includes/jpgraph/src jpgraph_canvas.php
116.06.21 21:02 B E:\WebServer\carne\includes\jpgraph\src\jpgraph_canvtools.php --> www.mcj.com.br /public/carne/includes/jpgraph/src jpgraph_canvtools.php
116.06.21 21:02 B E:\WebServer\carne\includes\jpgraph\src\jpgraph_error.php --> www.mcj.com.br /public/carne/includes/jpgraph/src jpgraph_error.php
116.06.21 21:02 B E:\WebServer\carne\includes\jpgraph\src\jpgraph_flags.php --> www.mcj.com.br /public/carne/includes/jpgraph/src jpgraph_flags.php
116.06.21 21:02 B E:\WebServer\carne\includes\jpgraph\src\jpgraph_gantt.php --> www.mcj.com.br /public/carne/includes/jpgraph/src jpgraph_gantt.php
116.06.21 21:02 B E:\WebServer\carne\includes\jpgraph\src\jpgraph_gb2312.php --> www.mcj.com.br /public/carne/includes/jpgraph/src jpgraph_gb2312.php
116.06.21 21:02 B E:\WebServer\carne\includes\jpgraph\src\jpgraph_gradient.php --> www.mcj.com.br /public/carne/includes/jpgraph/src jpgraph_gradient.php
116.06.21 21:02 B E:\WebServer\carne\includes\jpgraph\src\jpgraph_imgtrans.php --> www.mcj.com.br /public/carne/includes/jpgraph/src jpgraph_imgtrans.php
116.06.21 21:02 B E:\WebServer\carne\includes\jpgraph\src\jpgraph_line.php --> www.mcj.com.br /public/carne/includes/jpgraph/src jpgraph_line.php
116.06.21 21:02 B E:\WebServer\carne\includes\jpgraph\src\jpgraph_log.php --> www.mcj.com.br /public/carne/includes/jpgraph/src jpgraph_log.php
116.06.21 21:02 B E:\WebServer\carne\includes\jpgraph\src\jpgraph_pie.php --> www.mcj.com.br /public/carne/includes/jpgraph/src jpgraph_pie.php
116.06.21 21:02 B E:\WebServer\carne\includes\jpgraph\src\jpgraph_pie3d.php --> www.mcj.com.br /public/carne/includes/jpgraph/src jpgraph_pie3d.php
116.06.21 21:02 B E:\WebServer\carne\includes\jpgraph\src\jpgraph_plotmark.inc --> www.mcj.com.br /public/carne/includes/jpgraph/src jpgraph_plotmark.inc
116.06.21 21:02 B E:\WebServer\carne\includes\jpgraph\src\jpgraph_polar.php --> www.mcj.com.br /public/carne/includes/jpgraph/src jpgraph_polar.php
116.06.21 21:02 B E:\WebServer\carne\includes\jpgraph\src\jpgraph_radar.php --> www.mcj.com.br /public/carne/includes/jpgraph/src jpgraph_radar.php
116.06.21 21:02 B E:\WebServer\carne\includes\jpgraph\src\jpgraph_regstat.php --> www.mcj.com.br /public/carne/includes/jpgraph/src jpgraph_regstat.php
116.06.21 21:02 B E:\WebServer\carne\includes\jpgraph\src\jpgraph_scatter.php --> www.mcj.com.br /public/carne/includes/jpgraph/src jpgraph_scatter.php
116.06.21 21:02 B E:\WebServer\carne\includes\jpgraph\src\jpgraph_stock.php --> www.mcj.com.br /public/carne/includes/jpgraph/src jpgraph_stock.php
