116.06.21 22:10 B E:\WebServer\carne\includes\mpdf54\examples\alpha.gif --> www.mcj.com.br /public/carne/includes/mpdf54/examples alpha.gif
116.06.21 22:10 B E:\WebServer\carne\includes\mpdf54\examples\alpha.png --> www.mcj.com.br /public/carne/includes/mpdf54/examples alpha.png
116.06.21 22:10 B E:\WebServer\carne\includes\mpdf54\examples\alpha3.png --> www.mcj.com.br /public/carne/includes/mpdf54/examples alpha3.png
116.06.21 22:10 B E:\WebServer\carne\includes\mpdf54\examples\bayeux1.jpg --> www.mcj.com.br /public/carne/includes/mpdf54/examples bayeux1.jpg
116.06.21 22:10 B E:\WebServer\carne\includes\mpdf54\examples\bg.jpg --> www.mcj.com.br /public/carne/includes/mpdf54/examples bg.jpg
116.06.21 22:11 B E:\WebServer\carne\includes\mpdf54\examples\bgbarcode.png --> www.mcj.com.br /public/carne/includes/mpdf54/examples bgbarcode.png
116.06.21 22:11 B E:\WebServer\carne\includes\mpdf54\examples\bgrock.jpg --> www.mcj.com.br /public/carne/includes/mpdf54/examples bgrock.jpg
116.06.21 22:11 B E:\WebServer\carne\includes\mpdf54\examples\borders2FF.jpg --> www.mcj.com.br /public/carne/includes/mpdf54/examples borders2FF.jpg
116.06.21 22:11 B E:\WebServer\carne\includes\mpdf54\examples\borders2IE.jpg --> www.mcj.com.br /public/carne/includes/mpdf54/examples borders2IE.jpg
116.06.21 22:11 B E:\WebServer\carne\includes\mpdf54\examples\borders3FF.jpg --> www.mcj.com.br /public/carne/includes/mpdf54/examples borders3FF.jpg
116.06.21 22:11 B E:\WebServer\carne\includes\mpdf54\examples\borders3IE.jpg --> www.mcj.com.br /public/carne/includes/mpdf54/examples borders3IE.jpg
116.06.21 22:11 B E:\WebServer\carne\includes\mpdf54\examples\borders4FF.jpg --> www.mcj.com.br /public/carne/includes/mpdf54/examples borders4FF.jpg
116.06.21 22:11 B E:\WebServer\carne\includes\mpdf54\examples\borders4IE.jpg --> www.mcj.com.br /public/carne/includes/mpdf54/examples borders4IE.jpg
116.06.21 22:11 B E:\WebServer\carne\includes\mpdf54\examples\bordersFF.jpg --> www.mcj.com.br /public/carne/includes/mpdf54/examples bordersFF.jpg
116.06.21 22:11 B E:\WebServer\carne\includes\mpdf54\examples\bordersIE.jpg --> www.mcj.com.br /public/carne/includes/mpdf54/examples bordersIE.jpg
116.06.21 22:11 B E:\WebServer\carne\includes\mpdf54\examples\bordersMPDF2.jpg --> www.mcj.com.br /public/carne/includes/mpdf54/examples bordersMPDF2.jpg
116.06.21 22:11 B E:\WebServer\carne\includes\mpdf54\examples\clematis.jpg --> www.mcj.com.br /public/carne/includes/mpdf54/examples clematis.jpg
116.06.21 22:11 B E:\WebServer\carne\includes\mpdf54\examples\example01_basic.php --> www.mcj.com.br /public/carne/includes/mpdf54/examples example01_basic.php
116.06.21 22:11 B E:\WebServer\carne\includes\mpdf54\examples\example02_CSS_styles.php --> www.mcj.com.br /public/carne/includes/mpdf54/examples example02_CSS_styles.php
116.06.21 22:11 B E:\WebServer\carne\includes\mpdf54\examples\example03_backgrounds_and_borders.php --> www.mcj.com.br /public/carne/includes/mpdf54/examples example03_backgrounds_and_borders.php
116.06.21 22:11 B E:\WebServer\carne\includes\mpdf54\examples\example04_images.php --> www.mcj.com.br /public/carne/includes/mpdf54/examples example04_images.php
116.06.21 22:11 B E:\WebServer\carne\includes\mpdf54\examples\example05_tables.php --> www.mcj.com.br /public/carne/includes/mpdf54/examples example05_tables.php
116.06.21 22:11 B E:\WebServer\carne\includes\mpdf54\examples\example06_tables_nested.php --> www.mcj.com.br /public/carne/includes/mpdf54/examples example06_tables_nested.php
116.06.21 22:11 B E:\WebServer\carne\includes\mpdf54\examples\example07_tables_borders.php --> www.mcj.com.br /public/carne/includes/mpdf54/examples example07_tables_borders.php
116.06.21 22:11 B E:\WebServer\carne\includes\mpdf54\examples\example08_lists.php --> www.mcj.com.br /public/carne/includes/mpdf54/examples example08_lists.php
116.06.21 22:11 B E:\WebServer\carne\includes\mpdf54\examples\example09_forms.php --> www.mcj.com.br /public/carne/includes/mpdf54/examples example09_forms.php
116.06.21 22:11 B E:\WebServer\carne\includes\mpdf54\examples\example10_floating_and_fixed_position_elements.php --> www.mcj.com.br /public/carne/includes/mpdf54/examples example10_floating_and_fixed_position_elements.php
116.06.21 22:11 B E:\WebServer\carne\includes\mpdf54\examples\example11_overflow_auto.php --> www.mcj.com.br /public/carne/includes/mpdf54/examples example11_overflow_auto.php
116.06.21 22:11 B E:\WebServer\carne\includes\mpdf54\examples\example12_paging_html.php --> www.mcj.com.br /public/carne/includes/mpdf54/examples example12_paging_html.php
116.06.21 22:11 B E:\WebServer\carne\includes\mpdf54\examples\example13_paging_css.php --> www.mcj.com.br /public/carne/includes/mpdf54/examples example13_paging_css.php
116.06.21 22:11 B E:\WebServer\carne\includes\mpdf54\examples\example14_page_numbers_ToC_Index_Bookmarks.php --> www.mcj.com.br /public/carne/includes/mpdf54/examples example14_page_numbers_ToC_Index_Bookmarks.php
116.06.21 22:11 B E:\WebServer\carne\includes\mpdf54\examples\example15_headers_method_1.php --> www.mcj.com.br /public/carne/includes/mpdf54/examples example15_headers_method_1.php
116.06.21 22:11 B E:\WebServer\carne\includes\mpdf54\examples\example16_headers_method_2.php --> www.mcj.com.br /public/carne/includes/mpdf54/examples example16_headers_method_2.php
116.06.21 22:11 B E:\WebServer\carne\includes\mpdf54\examples\example17_headers_method_3.php --> www.mcj.com.br /public/carne/includes/mpdf54/examples example17_headers_method_3.php
116.06.21 22:11 B E:\WebServer\carne\includes\mpdf54\examples\example18_headers_method_4.php --> www.mcj.com.br /public/carne/includes/mpdf54/examples example18_headers_method_4.php
116.06.21 22:11 B E:\WebServer\carne\includes\mpdf54\examples\example19_page_sizes.php --> www.mcj.com.br /public/carne/includes/mpdf54/examples example19_page_sizes.php
116.06.21 22:11 B E:\WebServer\carne\includes\mpdf54\examples\example20_justify.php --> www.mcj.com.br /public/carne/includes/mpdf54/examples example20_justify.php
116.06.21 22:11 B E:\WebServer\carne\includes\mpdf54\examples\example21_hyphenation.php --> www.mcj.com.br /public/carne/includes/mpdf54/examples example21_hyphenation.php
116.06.21 22:11 B E:\WebServer\carne\includes\mpdf54\examples\example22_columns.php --> www.mcj.com.br /public/carne/includes/mpdf54/examples example22_columns.php
116.06.21 22:11 B E:\WebServer\carne\includes\mpdf54\examples\example23_orientation.php --> www.mcj.com.br /public/carne/includes/mpdf54/examples example23_orientation.php
116.06.21 22:11 B E:\WebServer\carne\includes\mpdf54\examples\example24_orientation_2.php --> www.mcj.com.br /public/carne/includes/mpdf54/examples example24_orientation_2.php
116.06.21 22:11 B E:\WebServer\carne\includes\mpdf54\examples\example26_RTL.php --> www.mcj.com.br /public/carne/includes/mpdf54/examples example26_RTL.php
116.06.21 22:11 B E:\WebServer\carne\includes\mpdf54\examples\example27_CJK_using_Adobe_fonts.php --> www.mcj.com.br /public/carne/includes/mpdf54/examples example27_CJK_using_Adobe_fonts.php
116.06.21 22:11 B E:\WebServer\carne\includes\mpdf54\examples\example28_CJK_using_embedded_fonts.php --> www.mcj.com.br /public/carne/includes/mpdf54/examples example28_CJK_using_embedded_fonts.php
116.06.21 22:11 B E:\WebServer\carne\includes\mpdf54\examples\example29_multilingual_autofont.php --> www.mcj.com.br /public/carne/includes/mpdf54/examples example29_multilingual_autofont.php
116.06.21 22:11 B E:\WebServer\carne\includes\mpdf54\examples\example30_arabic.php --> www.mcj.com.br /public/carne/includes/mpdf54/examples example30_arabic.php
116.06.21 22:11 B E:\WebServer\carne\includes\mpdf54\examples\example32_indic.php --> www.mcj.com.br /public/carne/includes/mpdf54/examples example32_indic.php
116.06.21 22:11 B E:\WebServer\carne\includes\mpdf54\examples\example35_watermarks.php --> www.mcj.com.br /public/carne/includes/mpdf54/examples example35_watermarks.php
116.06.21 22:11 B E:\WebServer\carne\includes\mpdf54\examples\example36_annotations_and_Attached_files.php --> www.mcj.com.br /public/carne/includes/mpdf54/examples example36_annotations_and_Attached_files.php
116.06.21 22:11 B E:\WebServer\carne\includes\mpdf54\examples\example37_barcodes.php --> www.mcj.com.br /public/carne/includes/mpdf54/examples example37_barcodes.php
116.06.21 22:11 B E:\WebServer\carne\includes\mpdf54\examples\example38_dot_tab.php --> www.mcj.com.br /public/carne/includes/mpdf54/examples example38_dot_tab.php
116.06.21 22:11 B E:\WebServer\carne\includes\mpdf54\examples\example39_PDFA_compliance.php --> www.mcj.com.br /public/carne/includes/mpdf54/examples example39_PDFA_compliance.php
116.06.21 22:11 B E:\WebServer\carne\includes\mpdf54\examples\example40_MPDFI_thumbnails.php --> www.mcj.com.br /public/carne/includes/mpdf54/examples example40_MPDFI_thumbnails.php
116.06.21 22:11 B E:\WebServer\carne\includes\mpdf54\examples\example41_MPDFI_template.php --> www.mcj.com.br /public/carne/includes/mpdf54/examples example41_MPDFI_template.php
116.06.21 22:11 B E:\WebServer\carne\includes\mpdf54\examples\example42_MPDFI_templatedoc.php --> www.mcj.com.br /public/carne/includes/mpdf54/examples example42_MPDFI_templatedoc.php
116.06.21 22:11 B E:\WebServer\carne\includes\mpdf54\examples\example43_MPDFI_booklet.php --> www.mcj.com.br /public/carne/includes/mpdf54/examples example43_MPDFI_booklet.php
116.06.21 22:11 B E:\WebServer\carne\includes\mpdf54\examples\example44_MPDFI_yearbook.php --> www.mcj.com.br /public/carne/includes/mpdf54/examples example44_MPDFI_yearbook.php
116.06.21 22:12 B E:\WebServer\carne\includes\mpdf54\examples\example46_progress_bars_simple.php --> www.mcj.com.br /public/carne/includes/mpdf54/examples example46_progress_bars_simple.php
116.06.21 22:12 B E:\WebServer\carne\includes\mpdf54\examples\example47_progress_bars_simple_custom.php --> www.mcj.com.br /public/carne/includes/mpdf54/examples example47_progress_bars_simple_custom.php
116.06.21 22:12 B E:\WebServer\carne\includes\mpdf54\examples\example48_progress_bars_advanced.php --> www.mcj.com.br /public/carne/includes/mpdf54/examples example48_progress_bars_advanced.php
116.06.21 22:12 B E:\WebServer\carne\includes\mpdf54\examples\example49_changelog.php --> www.mcj.com.br /public/carne/includes/mpdf54/examples example49_changelog.php
116.06.21 22:12 B E:\WebServer\carne\includes\mpdf54\examples\example50_new_mPDF_3_features.php --> www.mcj.com.br /public/carne/includes/mpdf54/examples example50_new_mPDF_3_features.php
116.06.21 22:12 B E:\WebServer\carne\includes\mpdf54\examples\example51_new_mPDF_4_features.php --> www.mcj.com.br /public/carne/includes/mpdf54/examples example51_new_mPDF_4_features.php
116.06.21 22:12 B E:\WebServer\carne\includes\mpdf54\examples\example52_lineheight.htm --> www.mcj.com.br /public/carne/includes/mpdf54/examples example52_lineheight.htm
116.06.21 22:12 B E:\WebServer\carne\includes\mpdf54\examples\example52_new_mPDF_4-2_features.php --> www.mcj.com.br /public/carne/includes/mpdf54/examples example52_new_mPDF_4-2_features.php
116.06.21 22:12 B E:\WebServer\carne\includes\mpdf54\examples\example53_new_mPDF_v5-0_fonts.php --> www.mcj.com.br /public/carne/includes/mpdf54/examples example53_new_mPDF_v5-0_fonts.php
116.06.21 22:12 B E:\WebServer\carne\includes\mpdf54\examples\example54_new_mPDF_v5-1_features_gradients_and_images.php --> www.mcj.com.br /public/carne/includes/mpdf54/examples example54_new_mPDF_v5-1_features_gradients_and_images.php
116.06.21 22:12 B E:\WebServer\carne\includes\mpdf54\examples\example55_new_mPDF_v5-1_color_and_other_features.php --> www.mcj.com.br /public/carne/includes/mpdf54/examples example55_new_mPDF_v5-1_color_and_other_features.php
116.06.21 22:12 B E:\WebServer\carne\includes\mpdf54\examples\example56_new_mPDF_v5-1_features_grayscale.php --> www.mcj.com.br /public/carne/includes/mpdf54/examples example56_new_mPDF_v5-1_features_grayscale.php
116.06.21 22:12 B E:\WebServer\carne\includes\mpdf54\examples\example57_new_mPDF_v5-3_active_forms.php --> www.mcj.com.br /public/carne/includes/mpdf54/examples example57_new_mPDF_v5-3_active_forms.php
116.06.21 22:12 B E:\WebServer\carne\includes\mpdf54\examples\example57_new_mPDF_v5-3_active_forms_b.php --> www.mcj.com.br /public/carne/includes/mpdf54/examples example57_new_mPDF_v5-3_active_forms_b.php
116.06.21 22:12 B E:\WebServer\carne\includes\mpdf54\examples\example58_new_mPDF_v5-4_features.php --> www.mcj.com.br /public/carne/includes/mpdf54/examples example58_new_mPDF_v5-4_features.php
116.06.21 22:12 B E:\WebServer\carne\includes\mpdf54\examples\firefox-48.png --> www.mcj.com.br /public/carne/includes/mpdf54/examples firefox-48.png
116.06.21 22:12 B E:\WebServer\carne\includes\mpdf54\examples\flowers-pattern.jpg --> www.mcj.com.br /public/carne/includes/mpdf54/examples flowers-pattern.jpg
116.06.21 22:12 B E:\WebServer\carne\includes\mpdf54\examples\formsubmit.php --> www.mcj.com.br /public/carne/includes/mpdf54/examples formsubmit.php
116.06.21 22:12 B E:\WebServer\carne\includes\mpdf54\examples\goto.gif --> www.mcj.com.br /public/carne/includes/mpdf54/examples goto.gif
116.06.21 22:12 B E:\WebServer\carne\includes\mpdf54\examples\img1.png --> www.mcj.com.br /public/carne/includes/mpdf54/examples img1.png
116.06.21 22:12 B E:\WebServer\carne\includes\mpdf54\examples\img2.png --> www.mcj.com.br /public/carne/includes/mpdf54/examples img2.png
116.06.21 22:12 B E:\WebServer\carne\includes\mpdf54\examples\img3.png --> www.mcj.com.br /public/carne/includes/mpdf54/examples img3.png
116.06.21 22:12 B E:\WebServer\carne\includes\mpdf54\examples\img4.png --> www.mcj.com.br /public/carne/includes/mpdf54/examples img4.png
116.06.21 22:12 B E:\WebServer\carne\includes\mpdf54\examples\img5.png --> www.mcj.com.br /public/carne/includes/mpdf54/examples img5.png
116.06.21 22:12 B E:\WebServer\carne\includes\mpdf54\examples\index.php --> www.mcj.com.br /public/carne/includes/mpdf54/examples index.php
116.06.21 22:12 B E:\WebServer\carne\includes\mpdf54\examples\klematis.jpg --> www.mcj.com.br /public/carne/includes/mpdf54/examples klematis.jpg
116.06.21 22:12 B E:\WebServer\carne\includes\mpdf54\examples\loading.gif --> www.mcj.com.br /public/carne/includes/mpdf54/examples loading.gif
116.06.21 22:12 B E:\WebServer\carne\includes\mpdf54\examples\mpdfstyleA4.css --> www.mcj.com.br /public/carne/includes/mpdf54/examples mpdfstyleA4.css
116.06.21 22:12 B E:\WebServer\carne\includes\mpdf54\examples\mpdfstylePaged.css --> www.mcj.com.br /public/carne/includes/mpdf54/examples mpdfstylePaged.css
116.06.21 22:12 B E:\WebServer\carne\includes\mpdf54\examples\mpdfstyletables.css --> www.mcj.com.br /public/carne/includes/mpdf54/examples mpdfstyletables.css
116.06.21 22:12 B E:\WebServer\carne\includes\mpdf54\examples\quran282.jpg --> www.mcj.com.br /public/carne/includes/mpdf54/examples quran282.jpg
116.06.21 22:12 B E:\WebServer\carne\includes\mpdf54\examples\sample_basic.pdf --> www.mcj.com.br /public/carne/includes/mpdf54/examples sample_basic.pdf
116.06.21 22:12 B E:\WebServer\carne\includes\mpdf54\examples\sample_logoheader2.pdf --> www.mcj.com.br /public/carne/includes/mpdf54/examples sample_logoheader2.pdf
116.06.21 22:12 B E:\WebServer\carne\includes\mpdf54\examples\sample_orientation2.pdf --> www.mcj.com.br /public/carne/includes/mpdf54/examples sample_orientation2.pdf
116.06.21 22:12 B E:\WebServer\carne\includes\mpdf54\examples\sample_orientation3.pdf --> www.mcj.com.br /public/carne/includes/mpdf54/examples sample_orientation3.pdf
116.06.21 22:12 B E:\WebServer\carne\includes\mpdf54\examples\show_code.php --> www.mcj.com.br /public/carne/includes/mpdf54/examples show_code.php
116.06.21 22:12 B E:\WebServer\carne\includes\mpdf54\examples\sunset.jpg --> www.mcj.com.br /public/carne/includes/mpdf54/examples sunset.jpg
116.06.21 22:12 B E:\WebServer\carne\includes\mpdf54\examples\sunsetv.jpg --> www.mcj.com.br /public/carne/includes/mpdf54/examples sunsetv.jpg
116.06.21 22:12 B E:\WebServer\carne\includes\mpdf54\examples\test.pdf --> www.mcj.com.br /public/carne/includes/mpdf54/examples test.pdf
116.06.21 22:12 B E:\WebServer\carne\includes\mpdf54\examples\tiger --> www.mcj.com.br /public/carne/includes/mpdf54/examples tiger
116.06.21 22:12 B E:\WebServer\carne\includes\mpdf54\examples\tiger.bmp --> www.mcj.com.br /public/carne/includes/mpdf54/examples tiger.bmp
116.06.21 22:12 B E:\WebServer\carne\includes\mpdf54\examples\tiger.gif --> www.mcj.com.br /public/carne/includes/mpdf54/examples tiger.gif
116.06.21 22:13 B E:\WebServer\carne\includes\mpdf54\examples\tiger.jpg --> www.mcj.com.br /public/carne/includes/mpdf54/examples tiger.jpg
116.06.21 22:13 B E:\WebServer\carne\includes\mpdf54\examples\tiger.php --> www.mcj.com.br /public/carne/includes/mpdf54/examples tiger.php
116.06.21 22:13 B E:\WebServer\carne\includes\mpdf54\examples\tiger.png --> www.mcj.com.br /public/carne/includes/mpdf54/examples tiger.png
116.06.21 22:13 B E:\WebServer\carne\includes\mpdf54\examples\tiger.svg --> www.mcj.com.br /public/carne/includes/mpdf54/examples tiger.svg
116.06.21 22:13 B E:\WebServer\carne\includes\mpdf54\examples\tiger.wmf --> www.mcj.com.br /public/carne/includes/mpdf54/examples tiger.wmf
116.06.21 22:13 B E:\WebServer\carne\includes\mpdf54\examples\tiger2.png --> www.mcj.com.br /public/carne/includes/mpdf54/examples tiger2.png
116.06.21 22:13 B E:\WebServer\carne\includes\mpdf54\examples\tiger2.wmf --> www.mcj.com.br /public/carne/includes/mpdf54/examples tiger2.wmf
116.06.21 22:13 B E:\WebServer\carne\includes\mpdf54\examples\tiger24trns.png --> www.mcj.com.br /public/carne/includes/mpdf54/examples tiger24trns.png
116.06.21 22:13 B E:\WebServer\carne\includes\mpdf54\examples\tiger300px300dpi.jpg --> www.mcj.com.br /public/carne/includes/mpdf54/examples tiger300px300dpi.jpg
116.06.21 22:13 B E:\WebServer\carne\includes\mpdf54\examples\tiger300px300dpi.png --> www.mcj.com.br /public/carne/includes/mpdf54/examples tiger300px300dpi.png
116.06.21 22:13 B E:\WebServer\carne\includes\mpdf54\examples\tiger300px72dpi.jpg --> www.mcj.com.br /public/carne/includes/mpdf54/examples tiger300px72dpi.jpg
116.06.21 22:13 B E:\WebServer\carne\includes\mpdf54\examples\tiger300px96dpi.jpg --> www.mcj.com.br /public/carne/includes/mpdf54/examples tiger300px96dpi.jpg
116.06.21 22:13 B E:\WebServer\carne\includes\mpdf54\examples\tiger300px96dpi.png --> www.mcj.com.br /public/carne/includes/mpdf54/examples tiger300px96dpi.png
116.06.21 22:13 B E:\WebServer\carne\includes\mpdf54\examples\tiger8trns.gif --> www.mcj.com.br /public/carne/includes/mpdf54/examples tiger8trns.gif
116.06.21 22:13 B E:\WebServer\carne\includes\mpdf54\examples\tiger8trns.png --> www.mcj.com.br /public/carne/includes/mpdf54/examples tiger8trns.png
116.06.21 22:13 B E:\WebServer\carne\includes\mpdf54\examples\tigercmyk.jpg --> www.mcj.com.br /public/carne/includes/mpdf54/examples tigercmyk.jpg
116.06.21 22:13 B E:\WebServer\carne\includes\mpdf54\examples\tux.svg --> www.mcj.com.br /public/carne/includes/mpdf54/examples tux.svg
116.06.21 22:13 B E:\WebServer\carne\includes\mpdf54\examples\vssver2.scc --> www.mcj.com.br /public/carne/includes/mpdf54/examples vssver2.scc
116.06.21 22:13 B E:\WebServer\carne\includes\mpdf54\examples\windmill.jpg --> www.mcj.com.br /public/carne/includes/mpdf54/examples windmill.jpg
